{"logLevel":"debug","message":"multithreading is set to false"}
{"logLevel":"debug","message":"Using reflection to scan dependencies for gauge implementations..."}
{"logLevel":"debug","message":"gauge-java took 2094milliseconds to load and scan. This should be less than 'runner_connection_timeout' config value."}
{"logLevel":"debug","message":"run 'gauge config runner_connection_timeout' and verify that it is < 2094"}
{"logLevel":"debug","message":"starting gRPC server..."}
{"logLevel":"debug","message":"started gRPC server on port 52197"}
{"logLevel":"info","message":"Listening on port:52197"}
{"logLevel":"debug","message":"Scanning packages for steps"}
{"logLevel":"debug","message":"Comparing 'com.hepsiburada.step.StepImplementation.pageSource' and 'com.hepsiburada.step.StepImplementation.pageSource'"}
{"logLevel":"debug","message":"Found Get Page Source in current project scope."}
{"logLevel":"debug","message":"Comparing 'com.hepsiburada.step.StepImplementation.attrToLog' and 'com.hepsiburada.step.StepImplementation.attrToLog'"}
{"logLevel":"debug","message":"Found {} elementinin {} değerini loga yaz in current project scope."}
{"logLevel":"debug","message":"Comparing 'com.hepsiburada.step.StepImplementation.clickElementByIndex' and 'com.hepsiburada.step.StepImplementation.clickElementByIndex'"}
{"logLevel":"debug","message":"Found {} element listesinin {} sıradaki elemanına tıkla in current project scope."}
{"logLevel":"debug","message":"Comparing 'com.hepsiburada.step.StepImplementation.scrollToElement' and 'com.hepsiburada.step.StepImplementation.scrollToElement'"}
{"logLevel":"debug","message":"Found {} elementine scroll yap in current project scope."}
{"logLevel":"debug","message":"Comparing 'com.hepsiburada.step.StepImplementation.storeStringAsIntInArrayList' and 'com.hepsiburada.step.StepImplementation.storeStringAsIntInArrayList'"}
{"logLevel":"debug","message":"Found {} elementinin text değerini double yapıp ArrayListe ekle in current project scope."}
{"logLevel":"debug","message":"Comparing 'com.hepsiburada.step.StepImplementation.getPrice' and 'com.hepsiburada.step.StepImplementation.getPrice'"}
{"logLevel":"debug","message":"Found {} elementinin fiyatini {} elementi ile karsilastir in current project scope."}
{"logLevel":"debug","message":"Comparing 'com.hepsiburada.step.StepImplementation.focusandSendKeys' and 'com.hepsiburada.step.StepImplementation.focusandSendKeys'"}
{"logLevel":"debug","message":"Found {} element listesinin ilk elemanına tıkla in current project scope."}
{"logLevel":"debug","message":"Comparing 'com.hepsiburada.step.StepImplementation.focusandSendKeys' and 'com.hepsiburada.step.StepImplementation.focusandSendKeys'"}
{"logLevel":"debug","message":"Found {} elementine odaklan {} ini yolla in current project scope."}
{"logLevel":"debug","message":"Comparing 'com.hepsiburada.step.StepImplementation.implementation1' and 'com.hepsiburada.step.StepImplementation.implementation1'"}
{"logLevel":"debug","message":"Found DebugHelper in current project scope."}
{"logLevel":"debug","message":"Comparing 'com.hepsiburada.step.StepImplementation.getTextChanging' and 'com.hepsiburada.step.StepImplementation.getTextChanging'"}
{"logLevel":"debug","message":"Found {} text degeri {} degerine degismis mi in current project scope."}
{"logLevel":"debug","message":"Comparing 'com.hepsiburada.step.StepImplementation.isElementClickable' and 'com.hepsiburada.step.StepImplementation.isElementClickable'"}
{"logLevel":"debug","message":"Found {} elementinin tıklanabilir olması kontrolü in current project scope."}
{"logLevel":"debug","message":"Comparing 'com.hepsiburada.step.StepImplementation.swichtoNextPage' and 'com.hepsiburada.step.StepImplementation.swichtoNextPage'"}
{"logLevel":"debug","message":"Found Yeni {}. acilan sayfaya git in current project scope."}
{"logLevel":"debug","message":"Comparing 'com.hepsiburada.step.StepImplementation.getAfterPriceofElement' and 'com.hepsiburada.step.StepImplementation.getAfterPriceofElement'"}
{"logLevel":"debug","message":"Found {} elementi ile fiyatini karsilastir in current project scope."}
{"logLevel":"debug","message":"Comparing 'com.hepsiburada.step.StepImplementation.js' and 'com.hepsiburada.step.StepImplementation.js'"}
{"logLevel":"debug","message":"Found {} js in current project scope."}
{"logLevel":"debug","message":"Comparing 'com.hepsiburada.step.StepImplementation.navigateTo' and 'com.hepsiburada.step.StepImplementation.navigateTo'"}
{"logLevel":"debug","message":"Found {} adresine git in current project scope."}
{"logLevel":"debug","message":"Comparing 'com.hepsiburada.step.StepImplementation.clickByElementWithJS' and 'com.hepsiburada.step.StepImplementation.clickByElementWithJS'"}
{"logLevel":"debug","message":"Found {} elementine js ile tıkla in current project scope."}
{"logLevel":"debug","message":"Comparing 'com.hepsiburada.step.StepImplementation.scrollToElementClick' and 'com.hepsiburada.step.StepImplementation.scrollToElementClick'"}
{"logLevel":"debug","message":"Found {} elementine scroll yap ve tıkla in current project scope."}
{"logLevel":"debug","message":"Comparing 'com.hepsiburada.step.StepImplementation.doesUrlEqual' and 'com.hepsiburada.step.StepImplementation.doesUrlEqual'"}
{"logLevel":"debug","message":"Found Şu anki url {} ile aynı mı in current project scope."}
{"logLevel":"debug","message":"Comparing 'com.hepsiburada.step.StepImplementation.closeAddsTab' and 'com.hepsiburada.step.StepImplementation.closeAddsTab'"}
{"logLevel":"debug","message":"Found Reklamları kapat ve {} tabını sec in current project scope."}
{"logLevel":"debug","message":"Comparing 'com.hepsiburada.step.StepImplementation.scrollToElementByIndex' and 'com.hepsiburada.step.StepImplementation.scrollToElementByIndex'"}
{"logLevel":"debug","message":"Found {} element listesinin {} sıradaki elemanına scroll yap in current project scope."}
{"logLevel":"debug","message":"Comparing 'com.hepsiburada.step.StepImplementation.focusAndClickElement' and 'com.hepsiburada.step.StepImplementation.focusAndClickElement'"}
{"logLevel":"debug","message":"Found {} elementi üzerinde bekle ve tıkla in current project scope."}
{"logLevel":"debug","message":"Comparing 'com.hepsiburada.step.StepImplementation.controlIsElementVisible' and 'com.hepsiburada.step.StepImplementation.controlIsElementVisible'"}
{"logLevel":"debug","message":"Found {} elementinin görünür olması kontrol edilir in current project scope."}
{"logLevel":"debug","message":"Comparing 'com.hepsiburada.step.StepImplementation.checkElementAttribute' and 'com.hepsiburada.step.StepImplementation.checkElementAttribute'"}
{"logLevel":"debug","message":"Found {} elementinin {} niteliği {} değerine eşit mi in current project scope."}
{"logLevel":"debug","message":"Comparing 'com.hepsiburada.step.StepImplementation.scrollToElementByIndexClick' and 'com.hepsiburada.step.StepImplementation.scrollToElementByIndexClick'"}
{"logLevel":"debug","message":"Found {} element listesinin {} sıradaki elemanına scroll yap ve tıkla in current project scope."}
{"logLevel":"debug","message":"Comparing 'com.hepsiburada.step.StepImplementation.increaseOf' and 'com.hepsiburada.step.StepImplementation.increaseOf'"}
{"logLevel":"debug","message":"Found {} elementini {} tane arttır in current project scope."}
{"logLevel":"debug","message":"Comparing 'com.hepsiburada.step.StepImplementation.checkBoxControl' and 'com.hepsiburada.step.StepImplementation.checkBoxControl'"}
{"logLevel":"debug","message":"Found {} Check box elementinin secilip secilmedigini kontrol et in current project scope."}
{"logLevel":"debug","message":"Comparing 'com.hepsiburada.step.StepImplementation.controlIsElementPresent' and 'com.hepsiburada.step.StepImplementation.controlIsElementPresent'"}
{"logLevel":"debug","message":"Found {} elementinin sayfada mevcut olması kontrol edilir in current project scope."}
{"logLevel":"debug","message":"Comparing 'com.hepsiburada.step.StepImplementation.getPriceofElement' and 'com.hepsiburada.step.StepImplementation.getPriceofElement'"}
{"logLevel":"debug","message":"Found {} elementinin fiyatini al in current project scope."}
{"logLevel":"debug","message":"Comparing 'com.hepsiburada.step.StepImplementation.doesUrlContain' and 'com.hepsiburada.step.StepImplementation.doesUrlContain'"}
{"logLevel":"debug","message":"Found Şu anki url {} içeriyor mu in current project scope."}
{"logLevel":"debug","message":"Comparing 'com.hepsiburada.step.StepImplementation.hoverElement' and 'com.hepsiburada.step.StepImplementation.hoverElement'"}
{"logLevel":"debug","message":"Found {} elementinin üzerine gel in current project scope."}
{"logLevel":"debug","message":"Comparing 'com.hepsiburada.step.StepImplementation.waitBySeconds' and 'com.hepsiburada.step.StepImplementation.waitBySeconds'"}
{"logLevel":"debug","message":"Found {} saniye bekle in current project scope."}
{"logLevel":"debug","message":"Comparing 'com.hepsiburada.step.StepImplementation.controlIsElementClickable' and 'com.hepsiburada.step.StepImplementation.controlIsElementClickable'"}
{"logLevel":"debug","message":"Found {} elementinin tıklanabilir olması kontrol edilir in current project scope."}
{"logLevel":"debug","message":"Comparing 'com.hepsiburada.step.StepImplementation.clickElement' and 'com.hepsiburada.step.StepImplementation.clickElement'"}
{"logLevel":"debug","message":"Found {} elementine tıkla in current project scope."}
{"logLevel":"debug","message":"Comparing 'com.hepsiburada.step.StepImplementation.getElementTextContain' and 'com.hepsiburada.step.StepImplementation.getElementTextContain'"}
{"logLevel":"debug","message":"Found {} elementinin text değeri {} değerini içeriyor mu in current project scope."}
{"logLevel":"debug","message":"Comparing 'com.hepsiburada.step.StepImplementation.getElementTextContain' and 'com.hepsiburada.step.StepImplementation.getElementTextContain'"}
{"logLevel":"debug","message":"Found get text {} element and control contains {} in current project scope."}
{"logLevel":"debug","message":"Comparing 'com.hepsiburada.step.StepImplementation.scrollTo' and 'com.hepsiburada.step.StepImplementation.scrollTo'"}
{"logLevel":"debug","message":"Found Sayfada {} ve {} koordinatlarına scroll yap in current project scope."}
{"logLevel":"debug","message":"Comparing 'com.hepsiburada.step.StepImplementation.CoordinateScroll' and 'com.hepsiburada.step.StepImplementation.CoordinateScroll'"}
{"logLevel":"debug","message":"Found {} ve {} koordinatına scroll yap in current project scope."}
{"logLevel":"debug","message":"Comparing 'com.hepsiburada.step.StepImplementation.checkElementNotEquals' and 'com.hepsiburada.step.StepImplementation.checkElementNotEquals'"}
{"logLevel":"debug","message":"Found {} elementinin text değeri {} değerinden farklı mı in current project scope."}
{"logLevel":"debug","message":"Comparing 'com.hepsiburada.step.StepImplementation.currentUrl' and 'com.hepsiburada.step.StepImplementation.currentUrl'"}
{"logLevel":"debug","message":"Found {} sayfa urli dogru mu kontrol et in current project scope."}
{"logLevel":"debug","message":"Comparing 'com.hepsiburada.step.StepImplementation.radioButtonControl' and 'com.hepsiburada.step.StepImplementation.radioButtonControl'"}
{"logLevel":"debug","message":"Found {} Radio button elementinin secilip secilmedigini kontrol et in current project scope."}
{"logLevel":"debug","message":"Comparing 'com.hepsiburada.step.StepImplementation.sendKeysElementText' and 'com.hepsiburada.step.StepImplementation.sendKeysElementText'"}
{"logLevel":"debug","message":"Found {} elementine güvenlik noyu yolla in current project scope."}
{"logLevel":"debug","message":"Comparing 'com.hepsiburada.step.StepImplementation.clickElement2' and 'com.hepsiburada.step.StepImplementation.clickElement2'"}
{"logLevel":"debug","message":"Found {} elementine tıklaaa in current project scope."}
{"logLevel":"debug","message":"Comparing 'com.hepsiburada.step.StepImplementation.sendKeysElement' and 'com.hepsiburada.step.StepImplementation.sendKeysElement'"}
{"logLevel":"debug","message":"Found {} elementine {} ini yolla in current project scope."}
{"logLevel":"debug","message":"Comparing 'com.hepsiburada.step.StepImplementation.clearElement' and 'com.hepsiburada.step.StepImplementation.clearElement'"}
{"logLevel":"debug","message":"Found {} elementinin değerini temizle in current project scope."}
{"logLevel":"debug","message":"Comparing 'com.hepsiburada.step.StepImplementation.tikla' and 'com.hepsiburada.step.StepImplementation.tikla'"}
{"logLevel":"debug","message":"Found {} tiklaaa in current project scope."}
{"logLevel":"debug","message":"Comparing 'com.hepsiburada.step.StepImplementation.getElementText' and 'com.hepsiburada.step.StepImplementation.getElementText'"}
{"logLevel":"debug","message":"Found {} elementinin text değeri {} değerine eşit mi in current project scope."}
{"logLevel":"debug","message":"Comparing 'com.hepsiburada.step.StepImplementation.getElementText' and 'com.hepsiburada.step.StepImplementation.getElementText'"}
{"logLevel":"debug","message":"Found get text {} element and control {} in current project scope."}
{"logLevel":"debug","message":"Comparing 'com.hepsiburada.step.StepImplementation.clickFirstElementOfList' and 'com.hepsiburada.step.StepImplementation.clickFirstElementOfList'"}
{"logLevel":"debug","message":"Found {} element listenin ilk elementine tıkla in current project scope."}
{"logLevel":"debug","message":"Comparing 'com.hepsiburada.step.StepImplementation.controlIsElementInVisible' and 'com.hepsiburada.step.StepImplementation.controlIsElementInVisible'"}
{"logLevel":"debug","message":"Found {} elementinin görünür olmaması kontrol edilir in current project scope."}
{"logLevel":"debug","message":"Comparing 'com.hepsiburada.step.StepImplementation.zoomOut' and 'com.hepsiburada.step.StepImplementation.zoomOut'"}
{"logLevel":"debug","message":"Found Zoom out %80 in current project scope."}
{"logLevel":"debug","message":"Comparing 'com.hepsiburada.step.StepImplementation.clickByElementWithJSNoKey' and 'com.hepsiburada.step.StepImplementation.clickByElementWithJSNoKey'"}
{"logLevel":"debug","message":"Found {} web elementine js ile tıkla in current project scope."}
{"logLevel":"debug","message":"Comparing 'com.hepsiburada.step.StepImplementation.scrollBy' and 'com.hepsiburada.step.StepImplementation.scrollBy'"}
{"logLevel":"debug","message":"Found {} koordinatına y düzleminde scroll yap in current project scope."}
{"logLevel":"debug","message":"Comparing 'com.hepsiburada.step.StepImplementation.clickByCoordinate' and 'com.hepsiburada.step.StepImplementation.clickByCoordinate'"}
{"logLevel":"debug","message":"Found Click coordinate in current project scope."}
{"logLevel":"debug","message":"Comparing 'com.hepsiburada.step.StepImplementation.acceptMessage' and 'com.hepsiburada.step.StepImplementation.acceptMessage'"}
{"logLevel":"debug","message":"Found Acilan uyari mesajini kabul et in current project scope."}
{"logLevel":"debug","message":"Comparing 'com.hepsiburada.step.StepImplementation.getTextValue' and 'com.hepsiburada.step.StepImplementation.getTextValue'"}
{"logLevel":"debug","message":"Found {} elementinin text değerini gör in current project scope."}
{"logLevel":"debug","message":"Comparing 'com.hepsiburada.step.StepImplementation.zoomSetting' and 'com.hepsiburada.step.StepImplementation.zoomSetting'"}
{"logLevel":"debug","message":"Found {} kadar pencere boyutu ayarla in current project scope."}
{"logLevel":"debug","message":"Comparing 'com.hepsiburada.step.StepImplementation.clearToElement' and 'com.hepsiburada.step.StepImplementation.clearToElement'"}
{"logLevel":"debug","message":"Found {} elementinin text alanını temizle in current project scope."}
{"logLevel":"debug","message":"Scanning packages for hooks"}
{"logLevel":"debug","message":"Scanned steps (using static parsing + reflections): "}
{"logLevel":"debug","message":"\t{} elementinin görünür olmaması kontrol edilir : public void controlIsElementInVisible(String key)"}
{"logLevel":"debug","message":"\t{} adresine git : public void navigateTo(String url)"}
{"logLevel":"debug","message":"\t{} elementinin görünür olması kontrol edilir : public void controlIsElementVisible(String key)"}
{"logLevel":"debug","message":"\t{} elementinin fiyatini al : public void getPriceofElement(String key)"}
{"logLevel":"debug","message":"\t{} elementine tıkla : public void clickElement(String key)"}
{"logLevel":"debug","message":"\t{} elementi ile fiyatini karsilastir : public void getAfterPriceofElement(String key)"}
{"logLevel":"debug","message":"\t{} elementinin text değerini double yapıp ArrayListe ekle : public void storeStringAsIntInArrayList(String key)"}
{"logLevel":"debug","message":"\t{} elementine js ile tıkla : public void clickByElementWithJS(String key)"}
{"logLevel":"debug","message":"\t{} elementine güvenlik noyu yolla : public void sendKeysElementText(String key)"}
{"logLevel":"debug","message":"\t{} elementine scroll yap : public void scrollToElement(String key)"}
{"logLevel":"debug","message":"\tget text {} element and control contains {} : public void getElementTextContain(String key, String expectedText)"}
{"logLevel":"debug","message":"\tClick coordinate : public void clickByCoordinate()"}
{"logLevel":"debug","message":"\t{} elementinin text değerini gör : public void getTextValue(String key)"}
{"logLevel":"debug","message":"\t{} element listenin ilk elementine tıkla : public void clickFirstElementOfList(String key)"}
{"logLevel":"debug","message":"\t{} elementinin üzerine gel : public void hoverElement(String key)"}
{"logLevel":"debug","message":"\t{} elementi üzerinde bekle ve tıkla : public void focusAndClickElement(String key)"}
{"logLevel":"debug","message":"\tunchecked : public List<WebElement> findElements(String byValue, String selectorType)"}
{"logLevel":"debug","message":"\t{} elementinin tıklanabilir olması kontrolü : public void isElementClickable(String key)"}
{"logLevel":"debug","message":"\t{} kadar pencere boyutu ayarla : public void zoomSetting(String zoomNumber)"}
{"logLevel":"debug","message":"\tŞu anki url {} ile aynı mı : public void doesUrlEqual(String url)"}
{"logLevel":"debug","message":"\tŞu anki url {} içeriyor mu : public void doesUrlContain(String url)"}
{"logLevel":"debug","message":"\t{} elementinin text alanını temizle : public void clearToElement(String key)"}
{"logLevel":"debug","message":"\tGet Page Source : public void pageSource()"}
{"logLevel":"debug","message":"\t{} text degeri {} degerine degismis mi : public void getTextChanging(String text1, String text2)"}
{"logLevel":"debug","message":"\t{} elementine {} ini yolla : public void sendKeysElement(String key, String text)"}
{"logLevel":"debug","message":"\t{} js : public void js(String zoomNumber)"}
{"logLevel":"debug","message":"\t{} Check box elementinin secilip secilmedigini kontrol et : public void checkBoxControl(String key)"}
{"logLevel":"debug","message":"\t{} elementinin tıklanabilir olması kontrol edilir : public void controlIsElementClickable(String key)"}
{"logLevel":"debug","message":"\tSayfada {} ve {} koordinatlarına scroll yap : public void scrollTo(int x, int y)"}
{"logLevel":"debug","message":"\t{} elementinin fiyatini {} elementi ile karsilastir : public void getPrice(String key1, String key2)"}
{"logLevel":"debug","message":"\t{} tiklaaa : public void tikla(String key)"}
{"logLevel":"debug","message":"\t{} elementini {} tane arttır : public void increaseOf(String key, int adet)"}
{"logLevel":"debug","message":"\t{} elementine odaklan {} ini yolla : public void focusandSendKeys(String key, String text)"}
{"logLevel":"debug","message":"\t{} elementine tıklaaa : public void clickElement2(String key)"}
{"logLevel":"debug","message":"\t{} elementinin {} niteliği {} değerine eşit mi : public void checkElementAttribute(String key, String attribute, String expectedValue)"}
{"logLevel":"debug","message":"\t{} Radio button elementinin secilip secilmedigini kontrol et : public void radioButtonControl(String key)"}
{"logLevel":"debug","message":"\t{} element listesinin {} sıradaki elemanına scroll yap : public void scrollToElementByIndex(String key, int index)"}
{"logLevel":"debug","message":"\t{} saniye bekle : public void waitBySeconds(long seconds)"}
{"logLevel":"debug","message":"\tDebugHelper : public void implementation1()"}
{"logLevel":"debug","message":"\t{} koordinatına y düzleminde scroll yap : public void scrollBy(String y)"}
{"logLevel":"debug","message":"\t{} sayfa urli dogru mu kontrol et : public void currentUrl(String aspectUrl)"}
{"logLevel":"debug","message":"\t{} element listesinin {} sıradaki elemanına scroll yap ve tıkla : public void scrollToElementByIndexClick(String key, int index)"}
{"logLevel":"debug","message":"\t{} elementinin {} değerini loga yaz : public void attrToLog(String key, String attr)"}
{"logLevel":"debug","message":"\t{} web elementine js ile tıkla : public void clickByElementWithJSNoKey(WebElement element)"}
{"logLevel":"debug","message":"\tget text {} element and control {} : public void getElementText(String key, String expectedText)"}
{"logLevel":"debug","message":"\tYeni {}. acilan sayfaya git : public void swichtoNextPage(int key)"}
{"logLevel":"debug","message":"\t{} element listesinin {} sıradaki elemanına tıkla : public void clickElementByIndex(String key, int index)"}
{"logLevel":"debug","message":"\t{} elementinin sayfada mevcut olması kontrol edilir : public void controlIsElementPresent(String key)"}
{"logLevel":"debug","message":"\tAcilan uyari mesajini kabul et : public void acceptMessage()"}
{"logLevel":"debug","message":"\t{} element listesinin ilk elemanına tıkla : public void focusandSendKeys(String key)"}
{"logLevel":"debug","message":"\t{} elementinin değerini temizle : public void clearElement(String key)"}
{"logLevel":"debug","message":"\tZoom out %80 : public void zoomOut()"}
{"logLevel":"debug","message":"\tReklamları kapat ve {} tabını sec : public void closeAddsTab(int tabNumber)"}
{"logLevel":"debug","message":"\t{} elementine scroll yap ve tıkla : public void scrollToElementClick(String key)"}
{"logLevel":"debug","message":"\t{} elementinin text değeri {} değerinden farklı mı : public void checkElementNotEquals(String key, String expectedText)"}
{"logLevel":"debug","message":"\t{} elementinin text değeri {} değerine eşit mi : public void getElementText(String key, String expectedText)"}
{"logLevel":"debug","message":"\t{} ve {} koordinatına scroll yap : public void CoordinateScroll(int x, int y)"}
{"logLevel":"debug","message":"\t{} elementinin text değeri {} değerini içeriyor mu : public void getElementTextContain(String key, String expectedText)"}
2021-12-10 22:20:09,917 +03:00 INFO  FindOS:13 getOperationSystemName - Mac OS X
2021-12-10 22:20:09,940 +03:00 INFO  Driver:51 beforeSuite - *************************************************************************
2021-12-10 22:20:09,940 +03:00 INFO  Driver:52 beforeSuite - ------------------------TEST PLAN-------------------------


2021-12-10 22:20:09,964 +03:00 INFO  Driver:60 beforeSpec - =========================================================================
2021-12-10 22:20:09,964 +03:00 INFO  Driver:61 beforeSpec - ------------------------SPEC-------------------------
2021-12-10 22:20:09,965 +03:00 INFO  Driver:64 beforeSpec - SPEC FILE NAME: /Users/testinium/Desktop/webautomation/hepsiburadawebautomation/hepsiburada/Specs/hepsiburada.spec
2021-12-10 22:20:09,965 +03:00 INFO  Driver:65 beforeSpec - SPEC NAME: Hepsi Buarada
2021-12-10 22:20:09,965 +03:00 INFO  Driver:66 beforeSpec - SPEC TAGS: []


2021-12-10 22:20:10,040 +03:00 INFO  Driver:73 beforeScenario - _________________________________________________________________________
2021-12-10 22:20:10,040 +03:00 INFO  Driver:74 beforeScenario - ------------------------SCENARIO-------------------------
2021-12-10 22:20:10,040 +03:00 INFO  Driver:76 beforeScenario - SCENARIO NAME: Hepsi Burada Payment
2021-12-10 22:20:10,041 +03:00 INFO  Driver:77 beforeScenario - SCENARIO TAG: []


2021-12-10 22:20:10,041 +03:00 INFO  FindOS:26 getOperationSystemNameExpanded - Mac OS X
MAC
/Users/testinium/Desktop/webautomation/hepsiburadawebautomation/web_driver/firefox/geckodriver
Dec 10, 2021 10:20:10 PM org.openqa.selenium.remote.DesiredCapabilities firefox
INFO: Using `new FirefoxOptions()` is preferred to `DesiredCapabilities.firefox()`
1639164010988	geckodriver	INFO	Listening on 127.0.0.1:18011
1639164012204	mozrunner::runner	INFO	Running command: "/Applications/Firefox.app/Contents/MacOS/firefox-bin" "--marionette" "-foreground" "-no-remote" "-profile" "/var/folders/mp/_ym0bzlj001dy4dsmcz4618c0000gn/T/rust_mozprofileyZ8ARz"
1639164013047	Marionette	INFO	Marionette enabled
console.warn: SearchSettings: "get: No settings file exists, new profile?" (new NotFoundError("Could not open the file at /var/folders/mp/_ym0bzlj001dy4dsmcz4618c0000gn/T/rust_mozprofileyZ8ARz/search.json.mozlz4", (void 0)))
console.error: BackgroundUpdate: 
  _reasonsToNotScheduleUpdates: Failed to check for Maintenance Service Registry Key: [Exception... "Component returned failure code: 0x80004001 (NS_ERROR_NOT_IMPLEMENTED) [nsIUpdateProcessor.getServiceRegKeyExists]"  nsresult: "0x80004001 (NS_ERROR_NOT_IMPLEMENTED)"  location: "JS frame :: resource://gre/modules/BackgroundUpdate.jsm :: _reasonsToNotScheduleUpdates :: line 243"  data: no]
1639164015168	Marionette	INFO	Listening on port 52213
1639164015211	RemoteAgent	WARN	TLS certificate errors will be ignored for this session
Dec 10, 2021 10:20:15 PM org.openqa.selenium.remote.ProtocolHandshake createSession
INFO: Detected dialect: W3C
2021-12-10 22:20:15,274 +03:00 INFO  LocalBrowserExec:83 LocalExec - Capabilities {acceptInsecureCerts: true, browserName: firefox, browserVersion: 95.0, javascriptEnabled: true, moz:accessibilityChecks: false, moz:buildID: 20211129150630, moz:geckodriverVersion: 0.30.0, moz:headless: false, moz:processID: 21935, moz:profile: /var/folders/mp/_ym0bzlj001..., moz:shutdownTimeout: 60000, moz:useNonSpecCompliantPointerOrigin: false, moz:webdriverClick: true, pageLoadStrategy: normal, platform: MAC, platformName: MAC, platformVersion: 20.2.0, proxy: Proxy(), setWindowRect: true, strictFileInteractability: false, timeouts: {implicit: 0, pageLoad: 300000, script: 30000}, unhandledPromptBehavior: dismiss and notify}
2021-12-10 22:20:15,274 +03:00 INFO  Driver:203 createDriver - Driver ayağa kaldırıldı.
2021-12-10 22:20:17,871 +03:00 INFO  Driver:85 beforeStep - ═════════  "deneme" elementinin görünür olmaması kontrol edilir  ═════════
{"logLevel":"debug","message":"Executing '{} elementinin görünür olmaması kontrol edilir' using 'class com.hepsiburada.step.StepImplementation.controlIsElementInVisible"}
2021-12-10 22:20:17,957 +03:00 INFO  StoreHelper:68 getFileList - json uzantılı dosya sayısı: 1
JavaScript warning: https://www.hepsiburada.com/fb6-xdm35i4G/Ohqg-B/FKpq7Q/EL7VQhrJz59J/QC9EKwE/ABpteR4/iWCAB, line 1: WEBGL_debug_renderer_info is deprecated in Firefox and will be removed. Please use RENDERER.
2021-12-10 22:20:19,217 +03:00 ERROR Driver:93 afterStep - /Users/testinium/Desktop/webautomation/hepsiburadawebautomation/hepsiburada/Specs/hepsiburada.spec
2021-12-10 22:20:19,219 +03:00 ERROR Driver:95 afterStep - Message: java.lang.AssertionError: BKMExpress adına sahip element bulunamadı. Lütfen kontrol ediniz.
org.junit.Assert.fail(Assert.java:89)
com.hepsiburada.helper.StoreHelper.findElementInfoByKey(StoreHelper.java:85)
com.hepsiburada.methods.Methods.findElements(Methods.java:107)
com.hepsiburada.step.StepImplementation.controlIsElementInVisible(StepImplementation.java:272)

2021-12-10 22:20:19,220 +03:00 INFO  Driver:98 afterStep - ══════════════════════════════════════════════════════════════════════════════════════════════════════


2021-12-10 22:20:19,233 +03:00 INFO  Driver:214 quitDriver - Driver kapatıldı.
2021-12-10 22:20:19,233 +03:00 INFO  Driver:108 afterScenario - TEST BAŞARISIZ
2021-12-10 22:20:19,233 +03:00 INFO  Driver:114 afterScenario - _________________________________________________________________________


2021-12-10 22:20:19,246 +03:00 INFO  Driver:121 afterSpec - =========================================================================



2021-12-10 22:20:19,265 +03:00 INFO  Driver:129 afterSuite - *************************************************************************


{"logLevel":"debug","message":"Killing Java runner..."}
{"logLevel":"debug","message":"Stopping execution pool..."}
{"logLevel":"debug","message":"Shutting down grpc server..."}
{"logLevel":"debug","message":"Runner killed gracefully."}
