{"logLevel":"debug","message":"multithreading is set to false"}
{"logLevel":"debug","message":"Using reflection to scan dependencies for gauge implementations..."}
{"logLevel":"debug","message":"gauge-java took 2618milliseconds to load and scan. This should be less than 'runner_connection_timeout' config value."}
{"logLevel":"debug","message":"run 'gauge config runner_connection_timeout' and verify that it is < 2618"}
{"logLevel":"debug","message":"starting gRPC server..."}
{"logLevel":"debug","message":"started gRPC server on port 61734"}
{"logLevel":"info","message":"Listening on port:61734"}
{"logLevel":"debug","message":"Scanning packages for steps"}
{"logLevel":"debug","message":"Comparing 'com.hepsiburada.step.StepImplementation.pageSource' and 'com.hepsiburada.step.StepImplementation.pageSource'"}
{"logLevel":"debug","message":"Found Get Page Source in current project scope."}
{"logLevel":"debug","message":"Comparing 'com.hepsiburada.step.StepImplementation.attrToLog' and 'com.hepsiburada.step.StepImplementation.attrToLog'"}
{"logLevel":"debug","message":"Found {} elementinin {} değerini loga yaz in current project scope."}
{"logLevel":"debug","message":"Comparing 'com.hepsiburada.step.StepImplementation.clickElementByIndex' and 'com.hepsiburada.step.StepImplementation.clickElementByIndex'"}
{"logLevel":"debug","message":"Found {} element listesinin {} sıradaki elemanına tıkla in current project scope."}
{"logLevel":"debug","message":"Comparing 'com.hepsiburada.step.StepImplementation.scrollToElement' and 'com.hepsiburada.step.StepImplementation.scrollToElement'"}
{"logLevel":"debug","message":"Found {} elementine scroll yap in current project scope."}
{"logLevel":"debug","message":"Comparing 'com.hepsiburada.step.StepImplementation.storeStringAsIntInArrayList' and 'com.hepsiburada.step.StepImplementation.storeStringAsIntInArrayList'"}
{"logLevel":"debug","message":"Found {} elementinin text değerini double yapıp ArrayListe ekle in current project scope."}
{"logLevel":"debug","message":"Comparing 'com.hepsiburada.step.StepImplementation.getPrice' and 'com.hepsiburada.step.StepImplementation.getPrice'"}
{"logLevel":"debug","message":"Found {} elementinin fiyatini {} elementi ile karsilastir in current project scope."}
{"logLevel":"debug","message":"Comparing 'com.hepsiburada.step.StepImplementation.focusandSendKeys' and 'com.hepsiburada.step.StepImplementation.focusandSendKeys'"}
{"logLevel":"debug","message":"Found {} element listesinin ilk elemanına tıkla in current project scope."}
{"logLevel":"debug","message":"Comparing 'com.hepsiburada.step.StepImplementation.focusandSendKeys' and 'com.hepsiburada.step.StepImplementation.focusandSendKeys'"}
{"logLevel":"debug","message":"Found {} elementine odaklan {} ini yolla in current project scope."}
{"logLevel":"debug","message":"Comparing 'com.hepsiburada.step.StepImplementation.implementation1' and 'com.hepsiburada.step.StepImplementation.implementation1'"}
{"logLevel":"debug","message":"Found DebugHelper in current project scope."}
{"logLevel":"debug","message":"Comparing 'com.hepsiburada.step.StepImplementation.getTextChanging' and 'com.hepsiburada.step.StepImplementation.getTextChanging'"}
{"logLevel":"debug","message":"Found {} text degeri {} degerine degismis mi in current project scope."}
{"logLevel":"debug","message":"Comparing 'com.hepsiburada.step.StepImplementation.isElementClickable' and 'com.hepsiburada.step.StepImplementation.isElementClickable'"}
{"logLevel":"debug","message":"Found {} elementinin tıklanabilir olması kontrolü in current project scope."}
{"logLevel":"debug","message":"Comparing 'com.hepsiburada.step.StepImplementation.swichtoNextPage' and 'com.hepsiburada.step.StepImplementation.swichtoNextPage'"}
{"logLevel":"debug","message":"Found Yeni {}. acilan sayfaya git in current project scope."}
{"logLevel":"debug","message":"Comparing 'com.hepsiburada.step.StepImplementation.getAfterPriceofElement' and 'com.hepsiburada.step.StepImplementation.getAfterPriceofElement'"}
{"logLevel":"debug","message":"Found {} elementi ile fiyatini karsilastir in current project scope."}
{"logLevel":"debug","message":"Comparing 'com.hepsiburada.step.StepImplementation.js' and 'com.hepsiburada.step.StepImplementation.js'"}
{"logLevel":"debug","message":"Found {} js in current project scope."}
{"logLevel":"debug","message":"Comparing 'com.hepsiburada.step.StepImplementation.navigateTo' and 'com.hepsiburada.step.StepImplementation.navigateTo'"}
{"logLevel":"debug","message":"Found {} adresine git in current project scope."}
{"logLevel":"debug","message":"Comparing 'com.hepsiburada.step.StepImplementation.clickByElementWithJS' and 'com.hepsiburada.step.StepImplementation.clickByElementWithJS'"}
{"logLevel":"debug","message":"Found {} elementine js ile tıkla in current project scope."}
{"logLevel":"debug","message":"Comparing 'com.hepsiburada.step.StepImplementation.scrollToElementClick' and 'com.hepsiburada.step.StepImplementation.scrollToElementClick'"}
{"logLevel":"debug","message":"Found {} elementine scroll yap ve tıkla in current project scope."}
{"logLevel":"debug","message":"Comparing 'com.hepsiburada.step.StepImplementation.doesUrlEqual' and 'com.hepsiburada.step.StepImplementation.doesUrlEqual'"}
{"logLevel":"debug","message":"Found Şu anki url {} ile aynı mı in current project scope."}
{"logLevel":"debug","message":"Comparing 'com.hepsiburada.step.StepImplementation.closeAddsTab' and 'com.hepsiburada.step.StepImplementation.closeAddsTab'"}
{"logLevel":"debug","message":"Found Reklamları kapat ve {} tabını sec in current project scope."}
{"logLevel":"debug","message":"Comparing 'com.hepsiburada.step.StepImplementation.scrollToElementByIndex' and 'com.hepsiburada.step.StepImplementation.scrollToElementByIndex'"}
{"logLevel":"debug","message":"Found {} element listesinin {} sıradaki elemanına scroll yap in current project scope."}
{"logLevel":"debug","message":"Comparing 'com.hepsiburada.step.StepImplementation.focusAndClickElement' and 'com.hepsiburada.step.StepImplementation.focusAndClickElement'"}
{"logLevel":"debug","message":"Found {} elementi üzerinde bekle ve tıkla in current project scope."}
{"logLevel":"debug","message":"Comparing 'com.hepsiburada.step.StepImplementation.controlIsElementVisible' and 'com.hepsiburada.step.StepImplementation.controlIsElementVisible'"}
{"logLevel":"debug","message":"Found {} elementinin görünür olması kontrol edilir in current project scope."}
{"logLevel":"debug","message":"Comparing 'com.hepsiburada.step.StepImplementation.checkElementAttribute' and 'com.hepsiburada.step.StepImplementation.checkElementAttribute'"}
{"logLevel":"debug","message":"Found {} elementinin {} niteliği {} değerine eşit mi in current project scope."}
{"logLevel":"debug","message":"Comparing 'com.hepsiburada.step.StepImplementation.scrollToElementByIndexClick' and 'com.hepsiburada.step.StepImplementation.scrollToElementByIndexClick'"}
{"logLevel":"debug","message":"Found {} element listesinin {} sıradaki elemanına scroll yap ve tıkla in current project scope."}
{"logLevel":"debug","message":"Comparing 'com.hepsiburada.step.StepImplementation.increaseOf' and 'com.hepsiburada.step.StepImplementation.increaseOf'"}
{"logLevel":"debug","message":"Found {} elementini {} tane arttır in current project scope."}
{"logLevel":"debug","message":"Comparing 'com.hepsiburada.step.StepImplementation.checkBoxControl' and 'com.hepsiburada.step.StepImplementation.checkBoxControl'"}
{"logLevel":"debug","message":"Found {} Check box elementinin secilip secilmedigini kontrol et in current project scope."}
{"logLevel":"debug","message":"Comparing 'com.hepsiburada.step.StepImplementation.controlIsElementPresent' and 'com.hepsiburada.step.StepImplementation.controlIsElementPresent'"}
{"logLevel":"debug","message":"Found {} elementinin sayfada mevcut olması kontrol edilir in current project scope."}
{"logLevel":"debug","message":"Comparing 'com.hepsiburada.step.StepImplementation.getPriceofElement' and 'com.hepsiburada.step.StepImplementation.getPriceofElement'"}
{"logLevel":"debug","message":"Found {} elementinin fiyatini al in current project scope."}
{"logLevel":"debug","message":"Comparing 'com.hepsiburada.step.StepImplementation.doesUrlContain' and 'com.hepsiburada.step.StepImplementation.doesUrlContain'"}
{"logLevel":"debug","message":"Found Şu anki url {} içeriyor mu in current project scope."}
{"logLevel":"debug","message":"Comparing 'com.hepsiburada.step.StepImplementation.hoverElement' and 'com.hepsiburada.step.StepImplementation.hoverElement'"}
{"logLevel":"debug","message":"Found {} elementinin üzerine gel in current project scope."}
{"logLevel":"debug","message":"Comparing 'com.hepsiburada.step.StepImplementation.waitBySeconds' and 'com.hepsiburada.step.StepImplementation.waitBySeconds'"}
{"logLevel":"debug","message":"Found {} saniye bekle in current project scope."}
{"logLevel":"debug","message":"Comparing 'com.hepsiburada.step.StepImplementation.controlIsElementClickable' and 'com.hepsiburada.step.StepImplementation.controlIsElementClickable'"}
{"logLevel":"debug","message":"Found {} elementinin tıklanabilir olması kontrol edilir in current project scope."}
{"logLevel":"debug","message":"Comparing 'com.hepsiburada.step.StepImplementation.clickElement' and 'com.hepsiburada.step.StepImplementation.clickElement'"}
{"logLevel":"debug","message":"Found {} elementine tıkla in current project scope."}
{"logLevel":"debug","message":"Comparing 'com.hepsiburada.step.StepImplementation.getElementTextContain' and 'com.hepsiburada.step.StepImplementation.getElementTextContain'"}
{"logLevel":"debug","message":"Found {} elementinin text değeri {} değerini içeriyor mu in current project scope."}
{"logLevel":"debug","message":"Comparing 'com.hepsiburada.step.StepImplementation.getElementTextContain' and 'com.hepsiburada.step.StepImplementation.getElementTextContain'"}
{"logLevel":"debug","message":"Found get text {} element and control contains {} in current project scope."}
{"logLevel":"debug","message":"Comparing 'com.hepsiburada.step.StepImplementation.scrollTo' and 'com.hepsiburada.step.StepImplementation.scrollTo'"}
{"logLevel":"debug","message":"Found Sayfada {} ve {} koordinatlarına scroll yap in current project scope."}
{"logLevel":"debug","message":"Comparing 'com.hepsiburada.step.StepImplementation.CoordinateScroll' and 'com.hepsiburada.step.StepImplementation.CoordinateScroll'"}
{"logLevel":"debug","message":"Found {} ve {} koordinatına scroll yap in current project scope."}
{"logLevel":"debug","message":"Comparing 'com.hepsiburada.step.StepImplementation.checkElementNotEquals' and 'com.hepsiburada.step.StepImplementation.checkElementNotEquals'"}
{"logLevel":"debug","message":"Found {} elementinin text değeri {} değerinden farklı mı in current project scope."}
{"logLevel":"debug","message":"Comparing 'com.hepsiburada.step.StepImplementation.currentUrl' and 'com.hepsiburada.step.StepImplementation.currentUrl'"}
{"logLevel":"debug","message":"Found {} sayfa urli dogru mu kontrol et in current project scope."}
{"logLevel":"debug","message":"Comparing 'com.hepsiburada.step.StepImplementation.radioButtonControl' and 'com.hepsiburada.step.StepImplementation.radioButtonControl'"}
{"logLevel":"debug","message":"Found {} Radio button elementinin secilip secilmedigini kontrol et in current project scope."}
{"logLevel":"debug","message":"Comparing 'com.hepsiburada.step.StepImplementation.sendKeysElementText' and 'com.hepsiburada.step.StepImplementation.sendKeysElementText'"}
{"logLevel":"debug","message":"Found {} elementine güvenlik noyu yolla in current project scope."}
{"logLevel":"debug","message":"Comparing 'com.hepsiburada.step.StepImplementation.clickElement2' and 'com.hepsiburada.step.StepImplementation.clickElement2'"}
{"logLevel":"debug","message":"Found {} elementine tıklaaa in current project scope."}
{"logLevel":"debug","message":"Comparing 'com.hepsiburada.step.StepImplementation.sendKeysElement' and 'com.hepsiburada.step.StepImplementation.sendKeysElement'"}
{"logLevel":"debug","message":"Found {} elementine {} ini yolla in current project scope."}
{"logLevel":"debug","message":"Comparing 'com.hepsiburada.step.StepImplementation.clearElement' and 'com.hepsiburada.step.StepImplementation.clearElement'"}
{"logLevel":"debug","message":"Found {} elementinin değerini temizle in current project scope."}
{"logLevel":"debug","message":"Comparing 'com.hepsiburada.step.StepImplementation.tikla' and 'com.hepsiburada.step.StepImplementation.tikla'"}
{"logLevel":"debug","message":"Found {} tiklaaa in current project scope."}
{"logLevel":"debug","message":"Comparing 'com.hepsiburada.step.StepImplementation.getElementText' and 'com.hepsiburada.step.StepImplementation.getElementText'"}
{"logLevel":"debug","message":"Found {} elementinin text değeri {} değerine eşit mi in current project scope."}
{"logLevel":"debug","message":"Comparing 'com.hepsiburada.step.StepImplementation.getElementText' and 'com.hepsiburada.step.StepImplementation.getElementText'"}
{"logLevel":"debug","message":"Found get text {} element and control {} in current project scope."}
{"logLevel":"debug","message":"Comparing 'com.hepsiburada.step.StepImplementation.clickFirstElementOfList' and 'com.hepsiburada.step.StepImplementation.clickFirstElementOfList'"}
{"logLevel":"debug","message":"Found {} element listenin ilk elementine tıkla in current project scope."}
{"logLevel":"debug","message":"Comparing 'com.hepsiburada.step.StepImplementation.controlIsElementInVisible' and 'com.hepsiburada.step.StepImplementation.controlIsElementInVisible'"}
{"logLevel":"debug","message":"Found {} elementinin görünür olmaması kontrol edilir in current project scope."}
{"logLevel":"debug","message":"Comparing 'com.hepsiburada.step.StepImplementation.zoomOut' and 'com.hepsiburada.step.StepImplementation.zoomOut'"}
{"logLevel":"debug","message":"Found Zoom out %80 in current project scope."}
{"logLevel":"debug","message":"Comparing 'com.hepsiburada.step.StepImplementation.clickByElementWithJSNoKey' and 'com.hepsiburada.step.StepImplementation.clickByElementWithJSNoKey'"}
{"logLevel":"debug","message":"Found {} web elementine js ile tıkla in current project scope."}
{"logLevel":"debug","message":"Comparing 'com.hepsiburada.step.StepImplementation.scrollBy' and 'com.hepsiburada.step.StepImplementation.scrollBy'"}
{"logLevel":"debug","message":"Found {} koordinatına y düzleminde scroll yap in current project scope."}
{"logLevel":"debug","message":"Comparing 'com.hepsiburada.step.StepImplementation.clickByCoordinate' and 'com.hepsiburada.step.StepImplementation.clickByCoordinate'"}
{"logLevel":"debug","message":"Found Click coordinate in current project scope."}
{"logLevel":"debug","message":"Comparing 'com.hepsiburada.step.StepImplementation.acceptMessage' and 'com.hepsiburada.step.StepImplementation.acceptMessage'"}
{"logLevel":"debug","message":"Found Acilan uyari mesajini kabul et in current project scope."}
{"logLevel":"debug","message":"Comparing 'com.hepsiburada.step.StepImplementation.getTextValue' and 'com.hepsiburada.step.StepImplementation.getTextValue'"}
{"logLevel":"debug","message":"Found {} elementinin text değerini gör in current project scope."}
{"logLevel":"debug","message":"Comparing 'com.hepsiburada.step.StepImplementation.zoomSetting' and 'com.hepsiburada.step.StepImplementation.zoomSetting'"}
{"logLevel":"debug","message":"Found {} kadar pencere boyutu ayarla in current project scope."}
{"logLevel":"debug","message":"Comparing 'com.hepsiburada.step.StepImplementation.clearToElement' and 'com.hepsiburada.step.StepImplementation.clearToElement'"}
{"logLevel":"debug","message":"Found {} elementinin text alanını temizle in current project scope."}
{"logLevel":"debug","message":"Scanning packages for hooks"}
{"logLevel":"debug","message":"Scanned steps (using static parsing + reflections): "}
{"logLevel":"debug","message":"\t{} elementinin görünür olmaması kontrol edilir : public void controlIsElementInVisible(String key)"}
{"logLevel":"debug","message":"\t{} adresine git : public void navigateTo(String url)"}
{"logLevel":"debug","message":"\t{} elementinin görünür olması kontrol edilir : public void controlIsElementVisible(String key)"}
{"logLevel":"debug","message":"\t{} elementinin fiyatini al : public void getPriceofElement(String key)"}
{"logLevel":"debug","message":"\t{} elementine tıkla : public void clickElement(String key)"}
{"logLevel":"debug","message":"\t{} elementi ile fiyatini karsilastir : public void getAfterPriceofElement(String key)"}
{"logLevel":"debug","message":"\t{} elementinin text değerini double yapıp ArrayListe ekle : public void storeStringAsIntInArrayList(String key)"}
{"logLevel":"debug","message":"\t{} elementine js ile tıkla : public void clickByElementWithJS(String key)"}
{"logLevel":"debug","message":"\t{} elementine güvenlik noyu yolla : public void sendKeysElementText(String key)"}
{"logLevel":"debug","message":"\t{} elementine scroll yap : public void scrollToElement(String key)"}
{"logLevel":"debug","message":"\tget text {} element and control contains {} : public void getElementTextContain(String key, String expectedText)"}
{"logLevel":"debug","message":"\tClick coordinate : public void clickByCoordinate()"}
{"logLevel":"debug","message":"\t{} elementinin text değerini gör : public void getTextValue(String key)"}
{"logLevel":"debug","message":"\t{} element listenin ilk elementine tıkla : public void clickFirstElementOfList(String key)"}
{"logLevel":"debug","message":"\t{} elementinin üzerine gel : public void hoverElement(String key)"}
{"logLevel":"debug","message":"\t{} elementi üzerinde bekle ve tıkla : public void focusAndClickElement(String key)"}
{"logLevel":"debug","message":"\tunchecked : public List<WebElement> findElements(String byValue, String selectorType)"}
{"logLevel":"debug","message":"\t{} elementinin tıklanabilir olması kontrolü : public void isElementClickable(String key)"}
{"logLevel":"debug","message":"\t{} kadar pencere boyutu ayarla : public void zoomSetting(String zoomNumber)"}
{"logLevel":"debug","message":"\tŞu anki url {} ile aynı mı : public void doesUrlEqual(String url)"}
{"logLevel":"debug","message":"\tŞu anki url {} içeriyor mu : public void doesUrlContain(String url)"}
{"logLevel":"debug","message":"\t{} elementinin text alanını temizle : public void clearToElement(String key)"}
{"logLevel":"debug","message":"\tGet Page Source : public void pageSource()"}
{"logLevel":"debug","message":"\t{} text degeri {} degerine degismis mi : public void getTextChanging(String text1, String text2)"}
{"logLevel":"debug","message":"\t{} elementine {} ini yolla : public void sendKeysElement(String key, String text)"}
{"logLevel":"debug","message":"\t{} js : public void js(String zoomNumber)"}
{"logLevel":"debug","message":"\t{} Check box elementinin secilip secilmedigini kontrol et : public void checkBoxControl(String key)"}
{"logLevel":"debug","message":"\t{} elementinin tıklanabilir olması kontrol edilir : public void controlIsElementClickable(String key)"}
{"logLevel":"debug","message":"\tSayfada {} ve {} koordinatlarına scroll yap : public void scrollTo(int x, int y)"}
{"logLevel":"debug","message":"\t{} elementinin fiyatini {} elementi ile karsilastir : public void getPrice(String key1, String key2)"}
{"logLevel":"debug","message":"\t{} tiklaaa : public void tikla(String key)"}
{"logLevel":"debug","message":"\t{} elementini {} tane arttır : public void increaseOf(String key, int adet)"}
{"logLevel":"debug","message":"\t{} elementine odaklan {} ini yolla : public void focusandSendKeys(String key, String text)"}
{"logLevel":"debug","message":"\t{} elementine tıklaaa : public void clickElement2(String key)"}
{"logLevel":"debug","message":"\t{} elementinin {} niteliği {} değerine eşit mi : public void checkElementAttribute(String key, String attribute, String expectedValue)"}
{"logLevel":"debug","message":"\t{} Radio button elementinin secilip secilmedigini kontrol et : public void radioButtonControl(String key)"}
{"logLevel":"debug","message":"\t{} element listesinin {} sıradaki elemanına scroll yap : public void scrollToElementByIndex(String key, int index)"}
{"logLevel":"debug","message":"\t{} saniye bekle : public void waitBySeconds(long seconds)"}
{"logLevel":"debug","message":"\tDebugHelper : public void implementation1()"}
{"logLevel":"debug","message":"\t{} koordinatına y düzleminde scroll yap : public void scrollBy(String y)"}
{"logLevel":"debug","message":"\t{} sayfa urli dogru mu kontrol et : public void currentUrl(String aspectUrl)"}
{"logLevel":"debug","message":"\t{} element listesinin {} sıradaki elemanına scroll yap ve tıkla : public void scrollToElementByIndexClick(String key, int index)"}
{"logLevel":"debug","message":"\t{} elementinin {} değerini loga yaz : public void attrToLog(String key, String attr)"}
{"logLevel":"debug","message":"\t{} web elementine js ile tıkla : public void clickByElementWithJSNoKey(WebElement element)"}
{"logLevel":"debug","message":"\tget text {} element and control {} : public void getElementText(String key, String expectedText)"}
{"logLevel":"debug","message":"\tYeni {}. acilan sayfaya git : public void swichtoNextPage(int key)"}
{"logLevel":"debug","message":"\t{} element listesinin {} sıradaki elemanına tıkla : public void clickElementByIndex(String key, int index)"}
{"logLevel":"debug","message":"\t{} elementinin sayfada mevcut olması kontrol edilir : public void controlIsElementPresent(String key)"}
{"logLevel":"debug","message":"\tAcilan uyari mesajini kabul et : public void acceptMessage()"}
{"logLevel":"debug","message":"\t{} element listesinin ilk elemanına tıkla : public void focusandSendKeys(String key)"}
{"logLevel":"debug","message":"\t{} elementinin değerini temizle : public void clearElement(String key)"}
{"logLevel":"debug","message":"\tZoom out %80 : public void zoomOut()"}
{"logLevel":"debug","message":"\tReklamları kapat ve {} tabını sec : public void closeAddsTab(int tabNumber)"}
{"logLevel":"debug","message":"\t{} elementine scroll yap ve tıkla : public void scrollToElementClick(String key)"}
{"logLevel":"debug","message":"\t{} elementinin text değeri {} değerinden farklı mı : public void checkElementNotEquals(String key, String expectedText)"}
{"logLevel":"debug","message":"\t{} elementinin text değeri {} değerine eşit mi : public void getElementText(String key, String expectedText)"}
{"logLevel":"debug","message":"\t{} ve {} koordinatına scroll yap : public void CoordinateScroll(int x, int y)"}
{"logLevel":"debug","message":"\t{} elementinin text değeri {} değerini içeriyor mu : public void getElementTextContain(String key, String expectedText)"}
2021-12-11 01:41:35,842 +03:00 INFO  FindOS:13 getOperationSystemName - Mac OS X
2021-12-11 01:41:35,860 +03:00 INFO  Driver:51 beforeSuite - *************************************************************************
2021-12-11 01:41:35,860 +03:00 INFO  Driver:52 beforeSuite - ------------------------TEST PLAN-------------------------


2021-12-11 01:41:35,882 +03:00 INFO  Driver:60 beforeSpec - =========================================================================
2021-12-11 01:41:35,883 +03:00 INFO  Driver:61 beforeSpec - ------------------------SPEC-------------------------
2021-12-11 01:41:35,883 +03:00 INFO  Driver:64 beforeSpec - SPEC FILE NAME: /Users/testinium/Desktop/webautomation/hepsiburadawebautomation/hepsiburada/Specs/hepsiburada.spec
2021-12-11 01:41:35,884 +03:00 INFO  Driver:65 beforeSpec - SPEC NAME: Hepsi Buarada
2021-12-11 01:41:35,884 +03:00 INFO  Driver:66 beforeSpec - SPEC TAGS: []


2021-12-11 01:41:35,895 +03:00 INFO  Driver:73 beforeScenario - _________________________________________________________________________
2021-12-11 01:41:35,895 +03:00 INFO  Driver:74 beforeScenario - ------------------------SCENARIO-------------------------
2021-12-11 01:41:35,896 +03:00 INFO  Driver:76 beforeScenario - SCENARIO NAME: Hepsi Burada Payment
2021-12-11 01:41:35,896 +03:00 INFO  Driver:77 beforeScenario - SCENARIO TAG: []


2021-12-11 01:41:35,896 +03:00 INFO  FindOS:26 getOperationSystemNameExpanded - Mac OS X
MAC
/Users/testinium/Desktop/webautomation/hepsiburadawebautomation/web_driver/chrome/chromedriver
Dec 11, 2021 1:41:35 AM org.openqa.selenium.remote.DesiredCapabilities chrome
INFO: Using `new ChromeOptions()` is preferred to `DesiredCapabilities.chrome()`
Starting ChromeDriver 95.0.4638.69 (6a1600ed572fedecd573b6c2b90a22fe6392a410-refs/branch-heads/4638@{#984}) on port 11879
Only local connections are allowed.
Please see https://chromedriver.chromium.org/security-considerations for suggestions on keeping ChromeDriver safe.
ChromeDriver was started successfully.
[1639176101.467][WARNING]: This version of ChromeDriver has not been tested with Chrome version 96.
Dec 11, 2021 1:41:42 AM org.openqa.selenium.remote.ProtocolHandshake createSession
INFO: Detected dialect: OSS
2021-12-11 01:41:42,282 +03:00 INFO  LocalBrowserExec:83 LocalExec - Capabilities {acceptInsecureCerts: false, acceptSslCerts: false, applicationCacheEnabled: false, browserConnectionEnabled: false, browserName: chrome, chrome: {chromedriverVersion: 95.0.4638.69 (6a1600ed572fe..., userDataDir: /var/folders/mp/_ym0bzlj001...}, cssSelectorsEnabled: true, databaseEnabled: false, goog:chromeOptions: {debuggerAddress: localhost:61791}, handlesAlerts: true, hasTouchScreen: false, javascriptEnabled: true, locationContextEnabled: true, mobileEmulationEnabled: false, nativeEvents: true, networkConnectionEnabled: false, pageLoadStrategy: normal, platform: MAC, platformName: MAC, proxy: Proxy(), rotatable: false, setWindowRect: true, strictFileInteractability: false, takesHeapSnapshot: true, takesScreenshot: true, timeouts: {implicit: 0, pageLoad: 300000, script: 30000}, unexpectedAlertBehaviour: ignore, unhandledPromptBehavior: ignore, version: 96.0.4664.93, webStorageEnabled: true, webauthn:extension:credBlob: true, webauthn:extension:largeBlob: true, webauthn:virtualAuthenticators: true}
2021-12-11 01:41:42,283 +03:00 INFO  Driver:203 createDriver - Driver ayağa kaldırıldı.
2021-12-11 01:41:59,212 +03:00 INFO  Driver:85 beforeStep - ═════════  "btnSignUp" elementi üzerinde bekle ve tıkla  ═════════
{"logLevel":"debug","message":"Executing '{} elementi üzerinde bekle ve tıkla' using 'class com.hepsiburada.step.StepImplementation.focusAndClickElement"}
2021-12-11 01:41:59,311 +03:00 INFO  Methods:81 getBy - Element btnSignUp değerinde tutuluyor
2021-12-11 01:41:59,317 +03:00 INFO  StoreHelper:68 getFileList - json uzantılı dosya sayısı: 3
2021-12-11 01:42:01,054 +03:00 INFO  Methods:296 isElementVisible - btnSignUp elementi görünür durumdadır.
2021-12-11 01:42:04,033 +03:00 INFO  Methods:116 clickElement - Elemente tıklandı.
2021-12-11 01:42:04,048 +03:00 INFO  Driver:98 afterStep - ══════════════════════════════════════════════════════════════════════════════════════════════════════


2021-12-11 01:42:04,056 +03:00 INFO  Driver:85 beforeStep - ═════════  "btnLogin" elementine js ile tıkla  ═════════
{"logLevel":"debug","message":"Executing '{} elementine js ile tıkla' using 'class com.hepsiburada.step.StepImplementation.clickByElementWithJS"}
2021-12-11 01:42:06,064 +03:00 INFO  Driver:98 afterStep - ══════════════════════════════════════════════════════════════════════════════════════════════════════


2021-12-11 01:42:06,075 +03:00 INFO  Driver:85 beforeStep - ═════════  "inputUserName" elementine "cv.semihcan@gmail.com" ini yolla  ═════════
{"logLevel":"debug","message":"Executing '{} elementine {} ini yolla' using 'class com.hepsiburada.step.StepImplementation.sendKeysElement"}
2021-12-11 01:42:10,511 +03:00 INFO  Methods:165 sendKeys - Elemente cv.semihcan@gmail.com texti yazıldı.
2021-12-11 01:42:10,526 +03:00 INFO  Driver:98 afterStep - ══════════════════════════════════════════════════════════════════════════════════════════════════════


2021-12-11 01:42:10,532 +03:00 INFO  Driver:85 beforeStep - ═════════  "btnLoginPageLogin" elementine js ile tıkla  ═════════
{"logLevel":"debug","message":"Executing '{} elementine js ile tıkla' using 'class com.hepsiburada.step.StepImplementation.clickByElementWithJS"}
2021-12-11 01:42:10,633 +03:00 INFO  Driver:98 afterStep - ══════════════════════════════════════════════════════════════════════════════════════════════════════


2021-12-11 01:42:10,638 +03:00 INFO  Driver:85 beforeStep - ═════════  "inputPassword" elementine "Kyk17231650" ini yolla  ═════════
{"logLevel":"debug","message":"Executing '{} elementine {} ini yolla' using 'class com.hepsiburada.step.StepImplementation.sendKeysElement"}
2021-12-11 01:42:11,474 +03:00 INFO  Methods:165 sendKeys - Elemente Kyk17231650 texti yazıldı.
2021-12-11 01:42:11,491 +03:00 INFO  Driver:98 afterStep - ══════════════════════════════════════════════════════════════════════════════════════════════════════


2021-12-11 01:42:11,502 +03:00 INFO  Driver:85 beforeStep - ═════════  "btnLoginPageEmail" elementine js ile tıkla  ═════════
{"logLevel":"debug","message":"Executing '{} elementine js ile tıkla' using 'class com.hepsiburada.step.StepImplementation.clickByElementWithJS"}
2021-12-11 01:42:11,589 +03:00 INFO  Driver:98 afterStep - ══════════════════════════════════════════════════════════════════════════════════════════════════════


2021-12-11 01:42:11,600 +03:00 INFO  Driver:85 beforeStep - ═════════  "inputHomePageSearch" elementine "Kitap" ini yolla  ═════════
{"logLevel":"debug","message":"Executing '{} elementine {} ini yolla' using 'class com.hepsiburada.step.StepImplementation.sendKeysElement"}
2021-12-11 01:42:19,173 +03:00 INFO  Methods:165 sendKeys - Elemente Kitap texti yazıldı.
2021-12-11 01:42:19,183 +03:00 INFO  Driver:98 afterStep - ══════════════════════════════════════════════════════════════════════════════════════════════════════


2021-12-11 01:42:19,191 +03:00 INFO  Driver:85 beforeStep - ═════════  "btnHomePageSearch" elementine js ile tıkla  ═════════
{"logLevel":"debug","message":"Executing '{} elementine js ile tıkla' using 'class com.hepsiburada.step.StepImplementation.clickByElementWithJS"}
2021-12-11 01:42:19,325 +03:00 INFO  Driver:98 afterStep - ══════════════════════════════════════════════════════════════════════════════════════════════════════


2021-12-11 01:42:19,354 +03:00 INFO  Driver:214 quitDriver - Driver kapatıldı.
2021-12-11 01:42:19,354 +03:00 INFO  Driver:111 afterScenario - TEST BAŞARILI
2021-12-11 01:42:19,354 +03:00 INFO  Driver:114 afterScenario - _________________________________________________________________________


2021-12-11 01:42:19,361 +03:00 INFO  Driver:121 afterSpec - =========================================================================



2021-12-11 01:42:19,387 +03:00 INFO  Driver:129 afterSuite - *************************************************************************


{"logLevel":"debug","message":"Killing Java runner..."}
{"logLevel":"debug","message":"Stopping execution pool..."}
{"logLevel":"debug","message":"Shutting down grpc server..."}
{"logLevel":"debug","message":"Runner killed gracefully."}
