{"logLevel":"debug","message":"multithreading is set to false"}
{"logLevel":"debug","message":"Using reflection to scan dependencies for gauge implementations..."}
{"logLevel":"debug","message":"gauge-java took 2167milliseconds to load and scan. This should be less than 'runner_connection_timeout' config value."}
{"logLevel":"debug","message":"run 'gauge config runner_connection_timeout' and verify that it is < 2167"}
{"logLevel":"debug","message":"starting gRPC server..."}
{"logLevel":"debug","message":"started gRPC server on port 52253"}
{"logLevel":"info","message":"Listening on port:52253"}
{"logLevel":"debug","message":"Scanning packages for steps"}
{"logLevel":"debug","message":"Comparing 'com.hepsiburada.step.StepImplementation.pageSource' and 'com.hepsiburada.step.StepImplementation.pageSource'"}
{"logLevel":"debug","message":"Found Get Page Source in current project scope."}
{"logLevel":"debug","message":"Comparing 'com.hepsiburada.step.StepImplementation.attrToLog' and 'com.hepsiburada.step.StepImplementation.attrToLog'"}
{"logLevel":"debug","message":"Found {} elementinin {} değerini loga yaz in current project scope."}
{"logLevel":"debug","message":"Comparing 'com.hepsiburada.step.StepImplementation.clickElementByIndex' and 'com.hepsiburada.step.StepImplementation.clickElementByIndex'"}
{"logLevel":"debug","message":"Found {} element listesinin {} sıradaki elemanına tıkla in current project scope."}
{"logLevel":"debug","message":"Comparing 'com.hepsiburada.step.StepImplementation.scrollToElement' and 'com.hepsiburada.step.StepImplementation.scrollToElement'"}
{"logLevel":"debug","message":"Found {} elementine scroll yap in current project scope."}
{"logLevel":"debug","message":"Comparing 'com.hepsiburada.step.StepImplementation.storeStringAsIntInArrayList' and 'com.hepsiburada.step.StepImplementation.storeStringAsIntInArrayList'"}
{"logLevel":"debug","message":"Found {} elementinin text değerini double yapıp ArrayListe ekle in current project scope."}
{"logLevel":"debug","message":"Comparing 'com.hepsiburada.step.StepImplementation.getPrice' and 'com.hepsiburada.step.StepImplementation.getPrice'"}
{"logLevel":"debug","message":"Found {} elementinin fiyatini {} elementi ile karsilastir in current project scope."}
{"logLevel":"debug","message":"Comparing 'com.hepsiburada.step.StepImplementation.focusandSendKeys' and 'com.hepsiburada.step.StepImplementation.focusandSendKeys'"}
{"logLevel":"debug","message":"Found {} element listesinin ilk elemanına tıkla in current project scope."}
{"logLevel":"debug","message":"Comparing 'com.hepsiburada.step.StepImplementation.focusandSendKeys' and 'com.hepsiburada.step.StepImplementation.focusandSendKeys'"}
{"logLevel":"debug","message":"Found {} elementine odaklan {} ini yolla in current project scope."}
{"logLevel":"debug","message":"Comparing 'com.hepsiburada.step.StepImplementation.implementation1' and 'com.hepsiburada.step.StepImplementation.implementation1'"}
{"logLevel":"debug","message":"Found DebugHelper in current project scope."}
{"logLevel":"debug","message":"Comparing 'com.hepsiburada.step.StepImplementation.getTextChanging' and 'com.hepsiburada.step.StepImplementation.getTextChanging'"}
{"logLevel":"debug","message":"Found {} text degeri {} degerine degismis mi in current project scope."}
{"logLevel":"debug","message":"Comparing 'com.hepsiburada.step.StepImplementation.focusElement' and 'com.hepsiburada.step.StepImplementation.focusElement'"}
{"logLevel":"debug","message":"Found {} elementi üzerinde bekle in current project scope."}
{"logLevel":"debug","message":"Comparing 'com.hepsiburada.step.StepImplementation.chooseBank' and 'com.hepsiburada.step.StepImplementation.chooseBank'"}
{"logLevel":"debug","message":"Found Anında Ödeme seçeneklerinden {} bankasını sec in current project scope."}
{"logLevel":"debug","message":"Comparing 'com.hepsiburada.step.StepImplementation.isElementClickable' and 'com.hepsiburada.step.StepImplementation.isElementClickable'"}
{"logLevel":"debug","message":"Found {} elementinin tıklanabilir olması kontrolü in current project scope."}
{"logLevel":"debug","message":"Comparing 'com.hepsiburada.step.StepImplementation.swichtoNextPage' and 'com.hepsiburada.step.StepImplementation.swichtoNextPage'"}
{"logLevel":"debug","message":"Found Yeni {}. acilan sayfaya git in current project scope."}
{"logLevel":"debug","message":"Comparing 'com.hepsiburada.step.StepImplementation.getAfterPriceofElement' and 'com.hepsiburada.step.StepImplementation.getAfterPriceofElement'"}
{"logLevel":"debug","message":"Found {} elementi ile fiyatini karsilastir in current project scope."}
{"logLevel":"debug","message":"Comparing 'com.hepsiburada.step.StepImplementation.js' and 'com.hepsiburada.step.StepImplementation.js'"}
{"logLevel":"debug","message":"Found {} js in current project scope."}
{"logLevel":"debug","message":"Comparing 'com.hepsiburada.step.StepImplementation.navigateTo' and 'com.hepsiburada.step.StepImplementation.navigateTo'"}
{"logLevel":"debug","message":"Found {} adresine git in current project scope."}
{"logLevel":"debug","message":"Comparing 'com.hepsiburada.step.StepImplementation.clickByElementWithJS' and 'com.hepsiburada.step.StepImplementation.clickByElementWithJS'"}
{"logLevel":"debug","message":"Found {} elementine js ile tıkla in current project scope."}
{"logLevel":"debug","message":"Comparing 'com.hepsiburada.step.StepImplementation.scrollToElementClick' and 'com.hepsiburada.step.StepImplementation.scrollToElementClick'"}
{"logLevel":"debug","message":"Found {} elementine scroll yap ve tıkla in current project scope."}
{"logLevel":"debug","message":"Comparing 'com.hepsiburada.step.StepImplementation.doesUrlEqual' and 'com.hepsiburada.step.StepImplementation.doesUrlEqual'"}
{"logLevel":"debug","message":"Found Şu anki url {} ile aynı mı in current project scope."}
{"logLevel":"debug","message":"Comparing 'com.hepsiburada.step.StepImplementation.closeAddsTab' and 'com.hepsiburada.step.StepImplementation.closeAddsTab'"}
{"logLevel":"debug","message":"Found Reklamları kapat ve {} tabını sec in current project scope."}
{"logLevel":"debug","message":"Comparing 'com.hepsiburada.step.StepImplementation.hoverWaitElement' and 'com.hepsiburada.step.StepImplementation.hoverWaitElement'"}
{"logLevel":"debug","message":"Found {} elementi üzerinde hover bekle in current project scope."}
{"logLevel":"debug","message":"Comparing 'com.hepsiburada.step.StepImplementation.scrollToElementByIndex' and 'com.hepsiburada.step.StepImplementation.scrollToElementByIndex'"}
{"logLevel":"debug","message":"Found {} element listesinin {} sıradaki elemanına scroll yap in current project scope."}
{"logLevel":"debug","message":"Comparing 'com.hepsiburada.step.StepImplementation.focusAndClickElement' and 'com.hepsiburada.step.StepImplementation.focusAndClickElement'"}
{"logLevel":"debug","message":"Found {} elementi üzerinde bekle ve tıkla in current project scope."}
{"logLevel":"debug","message":"Comparing 'com.hepsiburada.step.StepImplementation.controlIsElementVisible' and 'com.hepsiburada.step.StepImplementation.controlIsElementVisible'"}
{"logLevel":"debug","message":"Found {} elementinin görünür olması kontrol edilir in current project scope."}
{"logLevel":"debug","message":"Comparing 'com.hepsiburada.step.StepImplementation.checkElementAttribute' and 'com.hepsiburada.step.StepImplementation.checkElementAttribute'"}
{"logLevel":"debug","message":"Found {} elementinin {} niteliği {} değerine eşit mi in current project scope."}
{"logLevel":"debug","message":"Comparing 'com.hepsiburada.step.StepImplementation.scrollToElementByIndexClick' and 'com.hepsiburada.step.StepImplementation.scrollToElementByIndexClick'"}
{"logLevel":"debug","message":"Found {} element listesinin {} sıradaki elemanına scroll yap ve tıkla in current project scope."}
{"logLevel":"debug","message":"Comparing 'com.hepsiburada.step.StepImplementation.increaseOf' and 'com.hepsiburada.step.StepImplementation.increaseOf'"}
{"logLevel":"debug","message":"Found {} elementini {} tane arttır in current project scope."}
{"logLevel":"debug","message":"Comparing 'com.hepsiburada.step.StepImplementation.checkBoxControl' and 'com.hepsiburada.step.StepImplementation.checkBoxControl'"}
{"logLevel":"debug","message":"Found {} Check box elementinin secilip secilmedigini kontrol et in current project scope."}
{"logLevel":"debug","message":"Comparing 'com.hepsiburada.step.StepImplementation.controlIsElementPresent' and 'com.hepsiburada.step.StepImplementation.controlIsElementPresent'"}
{"logLevel":"debug","message":"Found {} elementinin sayfada mevcut olması kontrol edilir in current project scope."}
{"logLevel":"debug","message":"Comparing 'com.hepsiburada.step.StepImplementation.getPriceofElement' and 'com.hepsiburada.step.StepImplementation.getPriceofElement'"}
{"logLevel":"debug","message":"Found {} elementinin fiyatini al in current project scope."}
{"logLevel":"debug","message":"Comparing 'com.hepsiburada.step.StepImplementation.doesUrlContain' and 'com.hepsiburada.step.StepImplementation.doesUrlContain'"}
{"logLevel":"debug","message":"Found Şu anki url {} içeriyor mu in current project scope."}
{"logLevel":"debug","message":"Comparing 'com.hepsiburada.step.StepImplementation.hoverElement' and 'com.hepsiburada.step.StepImplementation.hoverElement'"}
{"logLevel":"debug","message":"Found {} elementinin üzerine gel in current project scope."}
{"logLevel":"debug","message":"Comparing 'com.hepsiburada.step.StepImplementation.waitBySeconds' and 'com.hepsiburada.step.StepImplementation.waitBySeconds'"}
{"logLevel":"debug","message":"Found {} saniye bekle in current project scope."}
{"logLevel":"debug","message":"Comparing 'com.hepsiburada.step.StepImplementation.controlIsElementClickable' and 'com.hepsiburada.step.StepImplementation.controlIsElementClickable'"}
{"logLevel":"debug","message":"Found {} elementinin tıklanabilir olması kontrol edilir in current project scope."}
{"logLevel":"debug","message":"Comparing 'com.hepsiburada.step.StepImplementation.clickElement' and 'com.hepsiburada.step.StepImplementation.clickElement'"}
{"logLevel":"debug","message":"Found {} elementine tıkla in current project scope."}
{"logLevel":"debug","message":"Comparing 'com.hepsiburada.step.StepImplementation.getElementTextContain' and 'com.hepsiburada.step.StepImplementation.getElementTextContain'"}
{"logLevel":"debug","message":"Found {} elementinin text değeri {} değerini içeriyor mu in current project scope."}
{"logLevel":"debug","message":"Comparing 'com.hepsiburada.step.StepImplementation.getElementTextContain' and 'com.hepsiburada.step.StepImplementation.getElementTextContain'"}
{"logLevel":"debug","message":"Found get text {} element and control contains {} in current project scope."}
{"logLevel":"debug","message":"Comparing 'com.hepsiburada.step.StepImplementation.scrollTo' and 'com.hepsiburada.step.StepImplementation.scrollTo'"}
{"logLevel":"debug","message":"Found Sayfada {} ve {} koordinatlarına scroll yap in current project scope."}
{"logLevel":"debug","message":"Comparing 'com.hepsiburada.step.StepImplementation.CoordinateScroll' and 'com.hepsiburada.step.StepImplementation.CoordinateScroll'"}
{"logLevel":"debug","message":"Found {} ve {} koordinatına scroll yap in current project scope."}
{"logLevel":"debug","message":"Comparing 'com.hepsiburada.step.StepImplementation.checkElementNotEquals' and 'com.hepsiburada.step.StepImplementation.checkElementNotEquals'"}
{"logLevel":"debug","message":"Found {} elementinin text değeri {} değerinden farklı mı in current project scope."}
{"logLevel":"debug","message":"Comparing 'com.hepsiburada.step.StepImplementation.currentUrl' and 'com.hepsiburada.step.StepImplementation.currentUrl'"}
{"logLevel":"debug","message":"Found {} sayfa urli dogru mu kontrol et in current project scope."}
{"logLevel":"debug","message":"Comparing 'com.hepsiburada.step.StepImplementation.radioButtonControl' and 'com.hepsiburada.step.StepImplementation.radioButtonControl'"}
{"logLevel":"debug","message":"Found {} Radio button elementinin secilip secilmedigini kontrol et in current project scope."}
{"logLevel":"debug","message":"Comparing 'com.hepsiburada.step.StepImplementation.sendKeysElementText' and 'com.hepsiburada.step.StepImplementation.sendKeysElementText'"}
{"logLevel":"debug","message":"Found {} elementine güvenlik noyu yolla in current project scope."}
{"logLevel":"debug","message":"Comparing 'com.hepsiburada.step.StepImplementation.clickElement2' and 'com.hepsiburada.step.StepImplementation.clickElement2'"}
{"logLevel":"debug","message":"Found {} elementine tıklaaa in current project scope."}
{"logLevel":"debug","message":"Comparing 'com.hepsiburada.step.StepImplementation.sendKeysElement' and 'com.hepsiburada.step.StepImplementation.sendKeysElement'"}
{"logLevel":"debug","message":"Found {} elementine {} ini yolla in current project scope."}
{"logLevel":"debug","message":"Comparing 'com.hepsiburada.step.StepImplementation.clearElement' and 'com.hepsiburada.step.StepImplementation.clearElement'"}
{"logLevel":"debug","message":"Found {} elementinin değerini temizle in current project scope."}
{"logLevel":"debug","message":"Comparing 'com.hepsiburada.step.StepImplementation.tikla' and 'com.hepsiburada.step.StepImplementation.tikla'"}
{"logLevel":"debug","message":"Found {} tiklaaa in current project scope."}
{"logLevel":"debug","message":"Comparing 'com.hepsiburada.step.StepImplementation.getElementText' and 'com.hepsiburada.step.StepImplementation.getElementText'"}
{"logLevel":"debug","message":"Found {} elementinin text değeri {} değerine eşit mi in current project scope."}
{"logLevel":"debug","message":"Comparing 'com.hepsiburada.step.StepImplementation.getElementText' and 'com.hepsiburada.step.StepImplementation.getElementText'"}
{"logLevel":"debug","message":"Found get text {} element and control {} in current project scope."}
{"logLevel":"debug","message":"Comparing 'com.hepsiburada.step.StepImplementation.clickFirstElementOfList' and 'com.hepsiburada.step.StepImplementation.clickFirstElementOfList'"}
{"logLevel":"debug","message":"Found {} element listenin ilk elementine tıkla in current project scope."}
{"logLevel":"debug","message":"Comparing 'com.hepsiburada.step.StepImplementation.controlIsElementInVisible' and 'com.hepsiburada.step.StepImplementation.controlIsElementInVisible'"}
{"logLevel":"debug","message":"Found {} elementinin görünür olmaması kontrol edilir in current project scope."}
{"logLevel":"debug","message":"Comparing 'com.hepsiburada.step.StepImplementation.zoomOut' and 'com.hepsiburada.step.StepImplementation.zoomOut'"}
{"logLevel":"debug","message":"Found Zoom out %80 in current project scope."}
{"logLevel":"debug","message":"Comparing 'com.hepsiburada.step.StepImplementation.clickByElementWithJSNoKey' and 'com.hepsiburada.step.StepImplementation.clickByElementWithJSNoKey'"}
{"logLevel":"debug","message":"Found {} web elementine js ile tıkla in current project scope."}
{"logLevel":"debug","message":"Comparing 'com.hepsiburada.step.StepImplementation.scrollBy' and 'com.hepsiburada.step.StepImplementation.scrollBy'"}
{"logLevel":"debug","message":"Found {} koordinatına y düzleminde scroll yap in current project scope."}
{"logLevel":"debug","message":"Comparing 'com.hepsiburada.step.StepImplementation.clickByCoordinate' and 'com.hepsiburada.step.StepImplementation.clickByCoordinate'"}
{"logLevel":"debug","message":"Found Click coordinate in current project scope."}
{"logLevel":"debug","message":"Comparing 'com.hepsiburada.step.StepImplementation.controlBankName' and 'com.hepsiburada.step.StepImplementation.controlBankName'"}
{"logLevel":"debug","message":"Found Sipariş özeti sayfasındaki ödeme bilgilerinin kontrol edilmesi in current project scope."}
{"logLevel":"debug","message":"Comparing 'com.hepsiburada.step.StepImplementation.acceptMessage' and 'com.hepsiburada.step.StepImplementation.acceptMessage'"}
{"logLevel":"debug","message":"Found Acilan uyari mesajini kabul et in current project scope."}
{"logLevel":"debug","message":"Comparing 'com.hepsiburada.step.StepImplementation.getTextValue' and 'com.hepsiburada.step.StepImplementation.getTextValue'"}
{"logLevel":"debug","message":"Found {} elementinin text değerini gör in current project scope."}
{"logLevel":"debug","message":"Comparing 'com.hepsiburada.step.StepImplementation.zoomSetting' and 'com.hepsiburada.step.StepImplementation.zoomSetting'"}
{"logLevel":"debug","message":"Found {} kadar pencere boyutu ayarla in current project scope."}
{"logLevel":"debug","message":"Comparing 'com.hepsiburada.step.StepImplementation.clearToElement' and 'com.hepsiburada.step.StepImplementation.clearToElement'"}
{"logLevel":"debug","message":"Found {} elementinin text alanını temizle in current project scope."}
{"logLevel":"debug","message":"Scanning packages for hooks"}
{"logLevel":"debug","message":"Scanned steps (using static parsing + reflections): "}
{"logLevel":"debug","message":"\t{} elementinin görünür olmaması kontrol edilir : public void controlIsElementInVisible(String key)"}
{"logLevel":"debug","message":"\t{} adresine git : public void navigateTo(String url)"}
{"logLevel":"debug","message":"\t{} elementinin görünür olması kontrol edilir : public void controlIsElementVisible(String key)"}
{"logLevel":"debug","message":"\t{} elementinin fiyatini al : public void getPriceofElement(String key)"}
{"logLevel":"debug","message":"\t{} elementine tıkla : public void clickElement(String key)"}
{"logLevel":"debug","message":"\t{} elementi ile fiyatini karsilastir : public void getAfterPriceofElement(String key)"}
{"logLevel":"debug","message":"\t{} elementinin text değerini double yapıp ArrayListe ekle : public void storeStringAsIntInArrayList(String key)"}
{"logLevel":"debug","message":"\t{} elementine js ile tıkla : public void clickByElementWithJS(String key)"}
{"logLevel":"debug","message":"\t{} elementine güvenlik noyu yolla : public void sendKeysElementText(String key)"}
{"logLevel":"debug","message":"\t{} elementine scroll yap : public void scrollToElement(String key)"}
{"logLevel":"debug","message":"\tget text {} element and control contains {} : public void getElementTextContain(String key, String expectedText)"}
{"logLevel":"debug","message":"\t{} elementi üzerinde hover bekle : public void hoverWaitElement(String key)"}
{"logLevel":"debug","message":"\tClick coordinate : public void clickByCoordinate()"}
{"logLevel":"debug","message":"\t{} elementinin text değerini gör : public void getTextValue(String key)"}
{"logLevel":"debug","message":"\t{} element listenin ilk elementine tıkla : public void clickFirstElementOfList(String key)"}
{"logLevel":"debug","message":"\t{} elementinin üzerine gel : public void hoverElement(String key)"}
{"logLevel":"debug","message":"\t{} elementi üzerinde bekle ve tıkla : public void focusAndClickElement(String key)"}
{"logLevel":"debug","message":"\tunchecked : public List<WebElement> findElements(String byValue, String selectorType)"}
{"logLevel":"debug","message":"\t{} elementinin tıklanabilir olması kontrolü : public void isElementClickable(String key)"}
{"logLevel":"debug","message":"\t{} kadar pencere boyutu ayarla : public void zoomSetting(String zoomNumber)"}
{"logLevel":"debug","message":"\tŞu anki url {} ile aynı mı : public void doesUrlEqual(String url)"}
{"logLevel":"debug","message":"\tŞu anki url {} içeriyor mu : public void doesUrlContain(String url)"}
{"logLevel":"debug","message":"\t{} elementinin text alanını temizle : public void clearToElement(String key)"}
{"logLevel":"debug","message":"\tGet Page Source : public void pageSource()"}
{"logLevel":"debug","message":"\t{} text degeri {} degerine degismis mi : public void getTextChanging(String text1, String text2)"}
{"logLevel":"debug","message":"\t{} elementine {} ini yolla : public void sendKeysElement(String key, String text)"}
{"logLevel":"debug","message":"\tAnında Ödeme seçeneklerinden {} bankasını sec : public void chooseBank(String bankName)"}
{"logLevel":"debug","message":"\t{} js : public void js(String zoomNumber)"}
{"logLevel":"debug","message":"\t{} Check box elementinin secilip secilmedigini kontrol et : public void checkBoxControl(String key)"}
{"logLevel":"debug","message":"\t{} elementinin tıklanabilir olması kontrol edilir : public void controlIsElementClickable(String key)"}
{"logLevel":"debug","message":"\tSayfada {} ve {} koordinatlarına scroll yap : public void scrollTo(int x, int y)"}
{"logLevel":"debug","message":"\t{} elementinin fiyatini {} elementi ile karsilastir : public void getPrice(String key1, String key2)"}
{"logLevel":"debug","message":"\t{} tiklaaa : public void tikla(String key)"}
{"logLevel":"debug","message":"\t{} elementi üzerinde bekle : public void focusElement(String key)"}
{"logLevel":"debug","message":"\t{} elementini {} tane arttır : public void increaseOf(String key, int adet)"}
{"logLevel":"debug","message":"\tSipariş özeti sayfasındaki ödeme bilgilerinin kontrol edilmesi : public void controlBankName()"}
{"logLevel":"debug","message":"\t{} elementine odaklan {} ini yolla : public void focusandSendKeys(String key, String text)"}
{"logLevel":"debug","message":"\t{} elementine tıklaaa : public void clickElement2(String key)"}
{"logLevel":"debug","message":"\t{} elementinin {} niteliği {} değerine eşit mi : public void checkElementAttribute(String key, String attribute, String expectedValue)"}
{"logLevel":"debug","message":"\t{} Radio button elementinin secilip secilmedigini kontrol et : public void radioButtonControl(String key)"}
{"logLevel":"debug","message":"\t{} element listesinin {} sıradaki elemanına scroll yap : public void scrollToElementByIndex(String key, int index)"}
{"logLevel":"debug","message":"\t{} saniye bekle : public void waitBySeconds(long seconds)"}
{"logLevel":"debug","message":"\tDebugHelper : public void implementation1()"}
{"logLevel":"debug","message":"\t{} koordinatına y düzleminde scroll yap : public void scrollBy(String y)"}
{"logLevel":"debug","message":"\t{} sayfa urli dogru mu kontrol et : public void currentUrl(String aspectUrl)"}
{"logLevel":"debug","message":"\t{} element listesinin {} sıradaki elemanına scroll yap ve tıkla : public void scrollToElementByIndexClick(String key, int index)"}
{"logLevel":"debug","message":"\t{} elementinin {} değerini loga yaz : public void attrToLog(String key, String attr)"}
{"logLevel":"debug","message":"\t{} web elementine js ile tıkla : public void clickByElementWithJSNoKey(WebElement element)"}
{"logLevel":"debug","message":"\tget text {} element and control {} : public void getElementText(String key, String expectedText)"}
{"logLevel":"debug","message":"\tYeni {}. acilan sayfaya git : public void swichtoNextPage(int key)"}
{"logLevel":"debug","message":"\t{} element listesinin {} sıradaki elemanına tıkla : public void clickElementByIndex(String key, int index)"}
{"logLevel":"debug","message":"\t{} elementinin sayfada mevcut olması kontrol edilir : public void controlIsElementPresent(String key)"}
{"logLevel":"debug","message":"\tAcilan uyari mesajini kabul et : public void acceptMessage()"}
{"logLevel":"debug","message":"\t{} element listesinin ilk elemanına tıkla : public void focusandSendKeys(String key)"}
{"logLevel":"debug","message":"\t{} elementinin değerini temizle : public void clearElement(String key)"}
{"logLevel":"debug","message":"\tZoom out %80 : public void zoomOut()"}
{"logLevel":"debug","message":"\tReklamları kapat ve {} tabını sec : public void closeAddsTab(int tabNumber)"}
{"logLevel":"debug","message":"\t{} elementine scroll yap ve tıkla : public void scrollToElementClick(String key)"}
{"logLevel":"debug","message":"\t{} elementinin text değeri {} değerinden farklı mı : public void checkElementNotEquals(String key, String expectedText)"}
{"logLevel":"debug","message":"\t{} elementinin text değeri {} değerine eşit mi : public void getElementText(String key, String expectedText)"}
{"logLevel":"debug","message":"\t{} ve {} koordinatına scroll yap : public void CoordinateScroll(int x, int y)"}
{"logLevel":"debug","message":"\t{} elementinin text değeri {} değerini içeriyor mu : public void getElementTextContain(String key, String expectedText)"}
2021-12-11 21:08:04,132 +03:00 INFO  FindOS:13 getOperationSystemName - Mac OS X
2021-12-11 21:08:04,145 +03:00 INFO  Driver:51 beforeSuite - *************************************************************************
2021-12-11 21:08:04,146 +03:00 INFO  Driver:52 beforeSuite - ------------------------TEST PLAN-------------------------


2021-12-11 21:08:04,166 +03:00 INFO  Driver:60 beforeSpec - =========================================================================
2021-12-11 21:08:04,167 +03:00 INFO  Driver:61 beforeSpec - ------------------------SPEC-------------------------
2021-12-11 21:08:04,168 +03:00 INFO  Driver:64 beforeSpec - SPEC FILE NAME: /Users/testinium/Desktop/webautomation/hepsiburadawebautomation/hepsiburada/Specs/hepsiburada.spec
2021-12-11 21:08:04,168 +03:00 INFO  Driver:65 beforeSpec - SPEC NAME: Hepsiburada Anında Ödeme Bilgilerinin Kontrol Edilmesi
2021-12-11 21:08:04,169 +03:00 INFO  Driver:66 beforeSpec - SPEC TAGS: []


2021-12-11 21:08:04,179 +03:00 INFO  Driver:73 beforeScenario - _________________________________________________________________________
2021-12-11 21:08:04,180 +03:00 INFO  Driver:74 beforeScenario - ------------------------SCENARIO-------------------------
2021-12-11 21:08:04,181 +03:00 INFO  Driver:76 beforeScenario - SCENARIO NAME: Hepsiburada Anında Ödeme Akbank Bilgilerinin Kontrol Edilmesi
2021-12-11 21:08:04,181 +03:00 INFO  Driver:77 beforeScenario - SCENARIO TAG: []


2021-12-11 21:08:04,182 +03:00 INFO  FindOS:26 getOperationSystemNameExpanded - Mac OS X
MAC
/Users/testinium/Desktop/webautomation/hepsiburadawebautomation/web_driver/chrome/chromedriver
Dec 11, 2021 9:08:04 PM org.openqa.selenium.remote.DesiredCapabilities chrome
INFO: Using `new ChromeOptions()` is preferred to `DesiredCapabilities.chrome()`
Starting ChromeDriver 95.0.4638.69 (6a1600ed572fedecd573b6c2b90a22fe6392a410-refs/branch-heads/4638@{#984}) on port 7630
Only local connections are allowed.
Please see https://chromedriver.chromium.org/security-considerations for suggestions on keeping ChromeDriver safe.
ChromeDriver was started successfully.
[1639246088.683][WARNING]: This version of ChromeDriver has not been tested with Chrome version 96.
Dec 11, 2021 9:08:09 PM org.openqa.selenium.remote.ProtocolHandshake createSession
INFO: Detected dialect: OSS
2021-12-11 21:08:09,756 +03:00 INFO  LocalBrowserExec:83 LocalExec - Capabilities {acceptInsecureCerts: false, acceptSslCerts: false, applicationCacheEnabled: false, browserConnectionEnabled: false, browserName: chrome, chrome: {chromedriverVersion: 95.0.4638.69 (6a1600ed572fe..., userDataDir: /var/folders/mp/_ym0bzlj001...}, cssSelectorsEnabled: true, databaseEnabled: false, goog:chromeOptions: {debuggerAddress: localhost:52340}, handlesAlerts: true, hasTouchScreen: false, javascriptEnabled: true, locationContextEnabled: true, mobileEmulationEnabled: false, nativeEvents: true, networkConnectionEnabled: false, pageLoadStrategy: normal, platform: MAC, platformName: MAC, proxy: Proxy(), rotatable: false, setWindowRect: true, strictFileInteractability: false, takesHeapSnapshot: true, takesScreenshot: true, timeouts: {implicit: 0, pageLoad: 300000, script: 30000}, unexpectedAlertBehaviour: ignore, unhandledPromptBehavior: ignore, version: 96.0.4664.93, webStorageEnabled: true, webauthn:extension:credBlob: true, webauthn:extension:largeBlob: true, webauthn:virtualAuthenticators: true}
2021-12-11 21:08:09,758 +03:00 INFO  Driver:203 createDriver - Driver ayağa kaldırıldı.
2021-12-11 21:08:22,613 +03:00 INFO  Driver:85 beforeStep - ═════════  "btnSignUp" elementi üzerinde bekle ve tıkla  ═════════
{"logLevel":"debug","message":"Executing '{} elementi üzerinde bekle ve tıkla' using 'class com.hepsiburada.step.StepImplementation.focusAndClickElement"}
2021-12-11 21:08:22,726 +03:00 INFO  Methods:81 getBy - Element btnSignUp değerinde tutuluyor
2021-12-11 21:08:22,734 +03:00 INFO  StoreHelper:68 getFileList - json uzantılı dosya sayısı: 4
2021-12-11 21:08:23,946 +03:00 INFO  Methods:296 isElementVisible - btnSignUp elementi görünür durumdadır.
2021-12-11 21:08:25,522 +03:00 INFO  Methods:116 clickElement - Elemente tıklandı.
2021-12-11 21:08:25,548 +03:00 INFO  Driver:98 afterStep - ══════════════════════════════════════════════════════════════════════════════════════════════════════


2021-12-11 21:08:25,564 +03:00 INFO  Driver:85 beforeStep - ═════════  "btnLogin" elementine js ile tıkla  ═════════
{"logLevel":"debug","message":"Executing '{} elementine js ile tıkla' using 'class com.hepsiburada.step.StepImplementation.clickByElementWithJS"}
2021-12-11 21:08:27,709 +03:00 INFO  Driver:98 afterStep - ══════════════════════════════════════════════════════════════════════════════════════════════════════


2021-12-11 21:08:27,724 +03:00 INFO  Driver:85 beforeStep - ═════════  Şu anki url "https://giris.hepsiburada.com/" içeriyor mu  ═════════
{"logLevel":"debug","message":"Executing 'Şu anki url {} içeriyor mu' using 'class com.hepsiburada.step.StepImplementation.doesUrlContain"}
2021-12-11 21:08:27,733 +03:00 INFO  Methods:805 doesUrl - Beklenen url: https://giris.hepsiburada.com/
2021-12-11 21:08:29,365 +03:00 INFO  Methods:818 doesUrl - Alınan url: https://giris.hepsiburada.com/?ReturnUrl=https%3A%2F%2Foauth.hepsiburada.com%2Fconnect%2Fauthorize%2Fcallback%3Fclient_id%3DSPA%26redirect_uri%3Dhttps%253A%252F%252Fwww.hepsiburada.com%252Fuyelik%252Fcallback%26response_type%3Dcode%26scope%3Dopenid%2520profile%26state%3Da14df69d319a4cce8065aa34eb491402%26code_challenge%3D7yHJuEt7sXj8foPnrUecJr5-4_dXPMq9owPmbcs6RJk%26code_challenge_method%3DS256%26response_mode%3Dquery%26ActivePage%3DPURE_LOGIN%26oidcReturnUrl%3Dhttps%253A%252F%252Fwww.hepsiburada.com%252F
2021-12-11 21:08:29,382 +03:00 INFO  Driver:98 afterStep - ══════════════════════════════════════════════════════════════════════════════════════════════════════


2021-12-11 21:08:29,388 +03:00 INFO  Driver:85 beforeStep - ═════════  "inputUserName" elementine "cv.semihcan@gmail.com" ini yolla  ═════════
{"logLevel":"debug","message":"Executing '{} elementine {} ini yolla' using 'class com.hepsiburada.step.StepImplementation.sendKeysElement"}
2021-12-11 21:08:30,978 +03:00 INFO  Methods:165 sendKeys - Elemente cv.semihcan@gmail.com texti yazıldı.
2021-12-11 21:08:30,983 +03:00 INFO  Driver:98 afterStep - ══════════════════════════════════════════════════════════════════════════════════════════════════════


2021-12-11 21:08:30,987 +03:00 INFO  Driver:85 beforeStep - ═════════  "btnLoginPageLogin" elementine js ile tıkla  ═════════
{"logLevel":"debug","message":"Executing '{} elementine js ile tıkla' using 'class com.hepsiburada.step.StepImplementation.clickByElementWithJS"}
2021-12-11 21:08:31,086 +03:00 INFO  Driver:98 afterStep - ══════════════════════════════════════════════════════════════════════════════════════════════════════


2021-12-11 21:08:31,091 +03:00 INFO  Driver:85 beforeStep - ═════════  "inputPassword" elementine "Kyk17231650" ini yolla  ═════════
{"logLevel":"debug","message":"Executing '{} elementine {} ini yolla' using 'class com.hepsiburada.step.StepImplementation.sendKeysElement"}
2021-12-11 21:08:31,880 +03:00 INFO  Methods:165 sendKeys - Elemente Kyk17231650 texti yazıldı.
2021-12-11 21:08:31,888 +03:00 INFO  Driver:98 afterStep - ══════════════════════════════════════════════════════════════════════════════════════════════════════


2021-12-11 21:08:31,892 +03:00 INFO  Driver:85 beforeStep - ═════════  "btnLoginPageEmail" elementine js ile tıkla  ═════════
{"logLevel":"debug","message":"Executing '{} elementine js ile tıkla' using 'class com.hepsiburada.step.StepImplementation.clickByElementWithJS"}
2021-12-11 21:08:31,976 +03:00 INFO  Driver:98 afterStep - ══════════════════════════════════════════════════════════════════════════════════════════════════════


2021-12-11 21:08:31,988 +03:00 INFO  Driver:85 beforeStep - ═════════  "inputHomePageSearch" elementine "Kitap" ini yolla  ═════════
{"logLevel":"debug","message":"Executing '{} elementine {} ini yolla' using 'class com.hepsiburada.step.StepImplementation.sendKeysElement"}
2021-12-11 21:08:38,667 +03:00 INFO  Methods:165 sendKeys - Elemente Kitap texti yazıldı.
2021-12-11 21:08:38,692 +03:00 INFO  Driver:98 afterStep - ══════════════════════════════════════════════════════════════════════════════════════════════════════


2021-12-11 21:08:38,709 +03:00 INFO  Driver:85 beforeStep - ═════════  "btnHomePageSearch" elementine js ile tıkla  ═════════
{"logLevel":"debug","message":"Executing '{} elementine js ile tıkla' using 'class com.hepsiburada.step.StepImplementation.clickByElementWithJS"}
2021-12-11 21:08:38,950 +03:00 INFO  Driver:98 afterStep - ══════════════════════════════════════════════════════════════════════════════════════════════════════


2021-12-11 21:08:38,962 +03:00 INFO  Driver:85 beforeStep - ═════════  "10" saniye bekle  ═════════
{"logLevel":"debug","message":"Executing '{} saniye bekle' using 'class com.hepsiburada.step.StepImplementation.waitBySeconds"}
2021-12-11 21:08:38,968 +03:00 INFO  Methods:287 waitBySeconds - 10 saniye bekleniyor...
2021-12-11 21:08:48,988 +03:00 INFO  Driver:98 afterStep - ══════════════════════════════════════════════════════════════════════════════════════════════════════


2021-12-11 21:08:48,997 +03:00 INFO  Driver:85 beforeStep - ═════════  "//div[@data-test-id='product-card-container']" elementi üzerinde hover bekle  ═════════
{"logLevel":"debug","message":"Executing '{} elementi üzerinde hover bekle' using 'class com.hepsiburada.step.StepImplementation.hoverWaitElement"}
2021-12-11 21:08:49,002 +03:00 INFO  Methods:369 findElement - Element By.xpath: //div[@data-test-id='product-card-container'] by değerine sahip
2021-12-11 21:08:49,723 +03:00 INFO  Driver:98 afterStep - ══════════════════════════════════════════════════════════════════════════════════════════════════════


2021-12-11 21:08:49,748 +03:00 INFO  Driver:85 beforeStep - ═════════  "txtSepeteEkle" elementine js ile tıkla  ═════════
{"logLevel":"debug","message":"Executing '{} elementine js ile tıkla' using 'class com.hepsiburada.step.StepImplementation.clickByElementWithJS"}
2021-12-11 21:08:50,200 +03:00 INFO  Driver:98 afterStep - ══════════════════════════════════════════════════════════════════════════════════════════════════════


2021-12-11 21:08:50,212 +03:00 INFO  Driver:85 beforeStep - ═════════  "btnSepetim" elementine js ile tıkla  ═════════
{"logLevel":"debug","message":"Executing '{} elementine js ile tıkla' using 'class com.hepsiburada.step.StepImplementation.clickByElementWithJS"}
2021-12-11 21:08:51,591 +03:00 INFO  Driver:98 afterStep - ══════════════════════════════════════════════════════════════════════════════════════════════════════


2021-12-11 21:08:51,595 +03:00 INFO  Driver:85 beforeStep - ═════════  "https://checkout.hepsiburada.com/sepetim" sayfa urli dogru mu kontrol et  ═════════
{"logLevel":"debug","message":"Executing '{} sayfa urli dogru mu kontrol et' using 'class com.hepsiburada.step.StepImplementation.currentUrl"}
2021-12-11 21:08:51,691 +03:00 INFO  Driver:98 afterStep - ══════════════════════════════════════════════════════════════════════════════════════════════════════


2021-12-11 21:08:51,695 +03:00 INFO  Driver:85 beforeStep - ═════════  "btnContinueStep" elementine js ile tıkla  ═════════
{"logLevel":"debug","message":"Executing '{} elementine js ile tıkla' using 'class com.hepsiburada.step.StepImplementation.clickByElementWithJS"}
2021-12-11 21:08:52,900 +03:00 INFO  Driver:98 afterStep - ══════════════════════════════════════════════════════════════════════════════════════════════════════


2021-12-11 21:08:52,913 +03:00 INFO  Driver:85 beforeStep - ═════════  "https://checkout.hepsiburada.com/teslimat" sayfa urli dogru mu kontrol et  ═════════
{"logLevel":"debug","message":"Executing '{} sayfa urli dogru mu kontrol et' using 'class com.hepsiburada.step.StepImplementation.currentUrl"}
2021-12-11 21:08:53,267 +03:00 INFO  Driver:98 afterStep - ══════════════════════════════════════════════════════════════════════════════════════════════════════


2021-12-11 21:08:53,273 +03:00 INFO  Driver:85 beforeStep - ═════════  "btnContinueStep" elementine js ile tıkla  ═════════
{"logLevel":"debug","message":"Executing '{} elementine js ile tıkla' using 'class com.hepsiburada.step.StepImplementation.clickByElementWithJS"}
2021-12-11 21:08:54,010 +03:00 INFO  Driver:98 afterStep - ══════════════════════════════════════════════════════════════════════════════════════════════════════


2021-12-11 21:08:54,013 +03:00 INFO  Driver:85 beforeStep - ═════════  "5" saniye bekle  ═════════
{"logLevel":"debug","message":"Executing '{} saniye bekle' using 'class com.hepsiburada.step.StepImplementation.waitBySeconds"}
2021-12-11 21:08:54,016 +03:00 INFO  Methods:287 waitBySeconds - 5 saniye bekleniyor...
2021-12-11 21:08:59,026 +03:00 INFO  Driver:98 afterStep - ══════════════════════════════════════════════════════════════════════════════════════════════════════


2021-12-11 21:08:59,034 +03:00 INFO  Driver:85 beforeStep - ═════════  "https://checkout.hepsiburada.com/odeme" sayfa urli dogru mu kontrol et  ═════════
{"logLevel":"debug","message":"Executing '{} sayfa urli dogru mu kontrol et' using 'class com.hepsiburada.step.StepImplementation.currentUrl"}
2021-12-11 21:08:59,054 +03:00 INFO  Driver:98 afterStep - ══════════════════════════════════════════════════════════════════════════════════════════════════════


2021-12-11 21:08:59,061 +03:00 INFO  Driver:85 beforeStep - ═════════  "divAnindaHavale" elementine js ile tıkla  ═════════
{"logLevel":"debug","message":"Executing '{} elementine js ile tıkla' using 'class com.hepsiburada.step.StepImplementation.clickByElementWithJS"}
2021-12-11 21:08:59,340 +03:00 INFO  Driver:98 afterStep - ══════════════════════════════════════════════════════════════════════════════════════════════════════


2021-12-11 21:08:59,346 +03:00 INFO  Driver:85 beforeStep - ═════════  Anında Ödeme seçeneklerinden "Akbank" bankasını sec  ═════════
{"logLevel":"debug","message":"Executing 'Anında Ödeme seçeneklerinden {} bankasını sec' using 'class com.hepsiburada.step.StepImplementation.chooseBank"}
2021-12-11 21:08:59,509 +03:00 INFO  StepImplementation:135 chooseBank - Ödeme Sayfasındaki seçilen banka bilgileri:Akbank
2021-12-11 21:08:59,516 +03:00 INFO  Driver:98 afterStep - ══════════════════════════════════════════════════════════════════════════════════════════════════════


2021-12-11 21:08:59,518 +03:00 INFO  Driver:85 beforeStep - ═════════  "btnContinueStep" elementine js ile tıkla  ═════════
{"logLevel":"debug","message":"Executing '{} elementine js ile tıkla' using 'class com.hepsiburada.step.StepImplementation.clickByElementWithJS"}
2021-12-11 21:08:59,577 +03:00 INFO  Driver:98 afterStep - ══════════════════════════════════════════════════════════════════════════════════════════════════════


2021-12-11 21:08:59,582 +03:00 INFO  Driver:85 beforeStep - ═════════  "5" saniye bekle  ═════════
{"logLevel":"debug","message":"Executing '{} saniye bekle' using 'class com.hepsiburada.step.StepImplementation.waitBySeconds"}
2021-12-11 21:08:59,586 +03:00 INFO  Methods:287 waitBySeconds - 5 saniye bekleniyor...
2021-12-11 21:09:04,601 +03:00 INFO  Driver:98 afterStep - ══════════════════════════════════════════════════════════════════════════════════════════════════════


2021-12-11 21:09:04,608 +03:00 INFO  Driver:85 beforeStep - ═════════  "https://checkout.hepsiburada.com/siparis-ozeti" sayfa urli dogru mu kontrol et  ═════════
{"logLevel":"debug","message":"Executing '{} sayfa urli dogru mu kontrol et' using 'class com.hepsiburada.step.StepImplementation.currentUrl"}
2021-12-11 21:09:04,643 +03:00 INFO  Driver:98 afterStep - ══════════════════════════════════════════════════════════════════════════════════════════════════════


2021-12-11 21:09:04,650 +03:00 INFO  Driver:85 beforeStep - ═════════  Sipariş özeti sayfasındaki ödeme bilgilerinin kontrol edilmesi  ═════════
{"logLevel":"debug","message":"Executing 'Sipariş özeti sayfasındaki ödeme bilgilerinin kontrol edilmesi' using 'class com.hepsiburada.step.StepImplementation.controlBankName"}
2021-12-11 21:09:04,699 +03:00 INFO  StepImplementation:143 controlBankName - Siparis özeti sayfasındaki bank bilgisi:Akbank
2021-12-11 21:09:04,700 +03:00 INFO  StepImplementation:144 controlBankName - Ödeme sayfasındaki bank bilgisi:Akbank
2021-12-11 21:09:04,700 +03:00 INFO  StepImplementation:146 controlBankName - burda bir sorun yok
2021-12-11 21:09:04,700 +03:00 INFO  StepImplementation:151 controlBankName - Akbank
2021-12-11 21:09:04,700 +03:00 INFO  StepImplementation:152 controlBankName - Akbank
2021-12-11 21:09:05,957 +03:00 ERROR Driver:93 afterStep - /Users/testinium/Desktop/webautomation/hepsiburadawebautomation/hepsiburada/Specs/hepsiburada.spec
2021-12-11 21:09:05,958 +03:00 ERROR Driver:95 afterStep - Message: java.lang.AssertionError: Ödeme sayfasındaki banka bilgileri siparis özeti sayfasındaki bilgiler ile yanlış!!
org.junit.Assert.fail(Assert.java:89)
com.hepsiburada.step.StepImplementation.controlBankName(StepImplementation.java:153)

2021-12-11 21:09:05,958 +03:00 INFO  Driver:98 afterStep - ══════════════════════════════════════════════════════════════════════════════════════════════════════


2021-12-11 21:09:05,967 +03:00 INFO  Driver:214 quitDriver - Driver kapatıldı.
2021-12-11 21:09:05,967 +03:00 INFO  Driver:108 afterScenario - TEST BAŞARISIZ
2021-12-11 21:09:05,967 +03:00 INFO  Driver:114 afterScenario - _________________________________________________________________________


2021-12-11 21:09:05,979 +03:00 INFO  Driver:121 afterSpec - =========================================================================



2021-12-11 21:09:05,989 +03:00 INFO  Driver:129 afterSuite - *************************************************************************


{"logLevel":"debug","message":"Killing Java runner..."}
{"logLevel":"debug","message":"Stopping execution pool..."}
{"logLevel":"debug","message":"Shutting down grpc server..."}
{"logLevel":"debug","message":"Runner killed gracefully."}
